This file contains any messages produced by compilers while
running configure, to aid debugging if configure makes a mistake.

It was created by poppler configure 0.22.1, which was
generated by GNU Autoconf 2.69.  Invocation command line was

  $ ./configure FONTCONFIG_CFLAGS=-I../../fontconfig/src/ FONTCONFIG_LIBS=-L../../fontconfig/src/src/ FREETYPE_LIBS=-L../../freetype/src/objs/ FREETYPE_CFLAGS=-I../../freetype/src/include/ LIBJPEG_CFLAGS=-I../../libjpeg/src/ LIBPNG_CFLAGS=-I../../libpng/src/ LIBPNG_LIBS=-L../../libpng/src/ LIBTIFF_CFLAGS=-I../../libtiff/src/

## --------- ##
## Platform. ##
## --------- ##

hostname = canttouchthis
uname -m = i686
uname -r = 3.5.0-23-generic
uname -s = Linux
uname -v = #35-Ubuntu SMP Thu Jan 24 13:05:29 UTC 2013

/usr/bin/uname -p = unknown
/bin/uname -X     = unknown

/bin/arch              = unknown
/usr/bin/arch -k       = unknown
/usr/convex/getsysinfo = unknown
/usr/bin/hostinfo      = unknown
/bin/machine           = unknown
/usr/bin/oslevel       = unknown
/bin/universe          = unknown

PATH: /home/manuel/lib/emscripten/
PATH: /var/lib/gems/1.8/bin
PATH: /home/manuel/bin
PATH: /usr/lib/lightdm/lightdm
PATH: /usr/local/sbin
PATH: /usr/local/bin
PATH: /usr/sbin
PATH: /usr/bin
PATH: /sbin
PATH: /bin
PATH: /usr/games
PATH: /usr/local/games


## ----------- ##
## Core tests. ##
## ----------- ##

configure:2877: checking for a BSD-compatible install
configure:2945: result: /usr/bin/install -c
configure:2956: checking whether build environment is sane
configure:3006: result: yes
configure:3147: checking for a thread-safe mkdir -p
configure:3186: result: /bin/mkdir -p
configure:3199: checking for gawk
configure:3229: result: no
configure:3199: checking for mawk
configure:3215: found /usr/bin/mawk
configure:3226: result: mawk
configure:3237: checking whether make sets $(MAKE)
configure:3259: result: yes
configure:3350: checking whether make supports nested variables
configure:3367: result: yes
configure:3394: checking for style of include used by make
configure:3422: result: GNU
configure:3493: checking for gcc
configure:3520: result: /home/manuel/lib/emscripten/emcc
configure:3749: checking for C compiler version
configure:3758: /home/manuel/lib/emscripten/emcc --version >&5
emcc (Emscripten GCC-like replacement) 2.0
Copyright (C) 2012 the Emscripten authors.
This is free and open source software under the MIT license.
There is NO warranty; not even for MERCHANTABILITY or FITNESS FOR A PARTICULAR PURPOSE.
  
configure:3769: $? = 0
configure:3758: /home/manuel/lib/emscripten/emcc -v >&5
emcc (Emscripten GCC-like replacement + linker emulating GNU ld ) 2.0
clang version 3.2 (tags/RELEASE_32/final)
Target: i386-pc-linux-gnu
Thread model: posix
configure:3769: $? = 0
configure:3758: /home/manuel/lib/emscripten/emcc -V >&5
clang: error: unsupported option '-V -nostdinc'
clang: error: no input files
configure:3769: $? = 1
configure:3758: /home/manuel/lib/emscripten/emcc -qversion >&5
clang: error: no input files
configure:3769: $? = 1
configure:3789: checking whether the C compiler works
configure:3811: /home/manuel/lib/emscripten/emcc    conftest.c  >&5
configure:3815: $? = 0
configure:3863: result: yes
configure:3866: checking for C compiler default output file name
configure:3868: result: a.out
configure:3874: checking for suffix of executables
configure:3881: /home/manuel/lib/emscripten/emcc -o conftest    conftest.c  >&5
configure:3885: $? = 0
configure:3907: result: 
configure:3929: checking whether we are cross compiling
configure:3937: /home/manuel/lib/emscripten/emcc -o conftest    conftest.c  >&5
configure:3941: $? = 0
configure:3948: ./conftest
configure:3952: $? = 0
configure:3967: result: no
configure:3972: checking for suffix of object files
configure:3994: /home/manuel/lib/emscripten/emcc -c   conftest.c >&5
configure:3998: $? = 0
configure:4019: result: o
configure:4023: checking whether we are using the GNU C compiler
configure:4042: /home/manuel/lib/emscripten/emcc -c   conftest.c >&5
configure:4042: $? = 0
configure:4051: result: yes
configure:4060: checking whether /home/manuel/lib/emscripten/emcc accepts -g
configure:4080: /home/manuel/lib/emscripten/emcc -c -g  conftest.c >&5
configure:4080: $? = 0
configure:4121: result: yes
configure:4138: checking for /home/manuel/lib/emscripten/emcc option to accept ISO C89
configure:4201: /home/manuel/lib/emscripten/emcc  -c   conftest.c >&5
configure:4201: $? = 0
configure:4214: result: none needed
configure:4236: checking dependency style of /home/manuel/lib/emscripten/emcc
configure:4347: result: gcc3
configure:4368: checking how to run the C preprocessor
configure:4399: /home/manuel/lib/emscripten/emcc -E  conftest.c
configure:4399: $? = 0
configure:4413: /home/manuel/lib/emscripten/emcc -E  conftest.c
conftest.c:11:10: fatal error: 'ac_nonexistent.h' file not found
#include <ac_nonexistent.h>
         ^
1 error generated.
configure:4413: $? = 1
configure: failed program was:
| /* confdefs.h */
| #define PACKAGE_NAME "poppler"
| #define PACKAGE_TARNAME "poppler"
| #define PACKAGE_VERSION "0.22.1"
| #define PACKAGE_STRING "poppler 0.22.1"
| #define PACKAGE_BUGREPORT "https://bugs.freedesktop.org/enter_bug.cgi?product=poppler"
| #define PACKAGE_URL ""
| #define PACKAGE "poppler"
| #define VERSION "0.22.1"
| /* end confdefs.h.  */
| #include <ac_nonexistent.h>
configure:4438: result: /home/manuel/lib/emscripten/emcc -E
configure:4458: /home/manuel/lib/emscripten/emcc -E  conftest.c
configure:4458: $? = 0
configure:4472: /home/manuel/lib/emscripten/emcc -E  conftest.c
conftest.c:11:10: fatal error: 'ac_nonexistent.h' file not found
#include <ac_nonexistent.h>
         ^
1 error generated.
configure:4472: $? = 1
configure: failed program was:
| /* confdefs.h */
| #define PACKAGE_NAME "poppler"
| #define PACKAGE_TARNAME "poppler"
| #define PACKAGE_VERSION "0.22.1"
| #define PACKAGE_STRING "poppler 0.22.1"
| #define PACKAGE_BUGREPORT "https://bugs.freedesktop.org/enter_bug.cgi?product=poppler"
| #define PACKAGE_URL ""
| #define PACKAGE "poppler"
| #define VERSION "0.22.1"
| /* end confdefs.h.  */
| #include <ac_nonexistent.h>
configure:4501: checking for grep that handles long lines and -e
configure:4559: result: /bin/grep
configure:4564: checking for egrep
configure:4626: result: /bin/grep -E
configure:4631: checking for ANSI C header files
configure:4651: /home/manuel/lib/emscripten/emcc -c   conftest.c >&5
configure:4651: $? = 0
configure:4724: /home/manuel/lib/emscripten/emcc -o conftest    conftest.c  >&5
configure:4724: $? = 0
configure:4724: ./conftest
configure:4724: $? = 0
configure:4735: result: yes
configure:4748: checking for sys/types.h
configure:4748: /home/manuel/lib/emscripten/emcc -c   conftest.c >&5
configure:4748: $? = 0
configure:4748: result: yes
configure:4748: checking for sys/stat.h
configure:4748: /home/manuel/lib/emscripten/emcc -c   conftest.c >&5
configure:4748: $? = 0
configure:4748: result: yes
configure:4748: checking for stdlib.h
configure:4748: /home/manuel/lib/emscripten/emcc -c   conftest.c >&5
configure:4748: $? = 0
configure:4748: result: yes
configure:4748: checking for string.h
configure:4748: /home/manuel/lib/emscripten/emcc -c   conftest.c >&5
configure:4748: $? = 0
configure:4748: result: yes
configure:4748: checking for memory.h
configure:4748: /home/manuel/lib/emscripten/emcc -c   conftest.c >&5
configure:4748: $? = 0
configure:4748: result: yes
configure:4748: checking for strings.h
configure:4748: /home/manuel/lib/emscripten/emcc -c   conftest.c >&5
configure:4748: $? = 0
configure:4748: result: yes
configure:4748: checking for inttypes.h
configure:4748: /home/manuel/lib/emscripten/emcc -c   conftest.c >&5
configure:4748: $? = 0
configure:4748: result: yes
configure:4748: checking for stdint.h
configure:4748: /home/manuel/lib/emscripten/emcc -c   conftest.c >&5
configure:4748: $? = 0
configure:4748: result: yes
configure:4748: checking for unistd.h
configure:4748: /home/manuel/lib/emscripten/emcc -c   conftest.c >&5
configure:4748: $? = 0
configure:4748: result: yes
configure:4760: checking whether byte ordering is bigendian
configure:4775: /home/manuel/lib/emscripten/emcc -c   conftest.c >&5
conftest.c:22:9: error: unknown type name 'not'
               not a universal capable compiler
               ^
conftest.c:22:14: error: expected ';' after top level declarator
               not a universal capable compiler
                    ^
                    ;
2 errors generated.
configure:4775: $? = 1
configure: failed program was:
| /* confdefs.h */
| #define PACKAGE_NAME "poppler"
| #define PACKAGE_TARNAME "poppler"
| #define PACKAGE_VERSION "0.22.1"
| #define PACKAGE_STRING "poppler 0.22.1"
| #define PACKAGE_BUGREPORT "https://bugs.freedesktop.org/enter_bug.cgi?product=poppler"
| #define PACKAGE_URL ""
| #define PACKAGE "poppler"
| #define VERSION "0.22.1"
| #define STDC_HEADERS 1
| #define HAVE_SYS_TYPES_H 1
| #define HAVE_SYS_STAT_H 1
| #define HAVE_STDLIB_H 1
| #define HAVE_STRING_H 1
| #define HAVE_MEMORY_H 1
| #define HAVE_STRINGS_H 1
| #define HAVE_INTTYPES_H 1
| #define HAVE_STDINT_H 1
| #define HAVE_UNISTD_H 1
| /* end confdefs.h.  */
| #ifndef __APPLE_CC__
| 	       not a universal capable compiler
| 	     #endif
| 	     typedef int dummy;
| 
configure:4820: /home/manuel/lib/emscripten/emcc -c   conftest.c >&5
configure:4820: $? = 0
configure:4838: /home/manuel/lib/emscripten/emcc -c   conftest.c >&5
conftest.c:28:4: error: use of undeclared identifier 'not'
                 not big endian
                 ^
1 error generated.
configure:4838: $? = 1
configure: failed program was:
| /* confdefs.h */
| #define PACKAGE_NAME "poppler"
| #define PACKAGE_TARNAME "poppler"
| #define PACKAGE_VERSION "0.22.1"
| #define PACKAGE_STRING "poppler 0.22.1"
| #define PACKAGE_BUGREPORT "https://bugs.freedesktop.org/enter_bug.cgi?product=poppler"
| #define PACKAGE_URL ""
| #define PACKAGE "poppler"
| #define VERSION "0.22.1"
| #define STDC_HEADERS 1
| #define HAVE_SYS_TYPES_H 1
| #define HAVE_SYS_STAT_H 1
| #define HAVE_STDLIB_H 1
| #define HAVE_STRING_H 1
| #define HAVE_MEMORY_H 1
| #define HAVE_STRINGS_H 1
| #define HAVE_INTTYPES_H 1
| #define HAVE_STDINT_H 1
| #define HAVE_UNISTD_H 1
| /* end confdefs.h.  */
| #include <sys/types.h>
| 		#include <sys/param.h>
| 
| int
| main ()
| {
| #if BYTE_ORDER != BIG_ENDIAN
| 		 not big endian
| 		#endif
| 
|   ;
|   return 0;
| }
configure:4966: result: no
configure:4989: checking build system type
configure:5003: result: i686-pc-linux-gnu
configure:5023: checking host system type
configure:5036: result: i686-pc-linux-gnu
configure:5406: checking how to print strings
configure:5433: result: printf
configure:5454: checking for a sed that does not truncate output
configure:5518: result: /bin/sed
configure:5536: checking for fgrep
configure:5598: result: /bin/grep -F
configure:5633: checking for ld used by /home/manuel/lib/emscripten/emcc
configure:5700: result: /home/manuel/lib/emscripten/emcc
configure:5707: checking if the linker (/home/manuel/lib/emscripten/emcc) is GNU ld
configure:5722: result: yes
configure:5734: checking for BSD- or MS-compatible name lister (nm)
configure:5783: result: /usr/bin/nm -B
configure:5913: checking the name lister (/usr/bin/nm -B) interface
configure:5920: /home/manuel/lib/emscripten/emcc -c   conftest.c >&5
configure:5923: /usr/bin/nm -B "conftest.o"
configure:5926: output
00000000 B some_variable
configure:5933: result: BSD nm
configure:5936: checking whether ln -s works
configure:5940: result: yes
configure:5948: checking the maximum length of command line arguments
configure:6078: result: 1572864
configure:6095: checking whether the shell understands some XSI constructs
configure:6105: result: yes
configure:6109: checking whether the shell understands "+="
configure:6115: result: yes
configure:6150: checking how to convert i686-pc-linux-gnu file names to i686-pc-linux-gnu format
configure:6190: result: func_convert_file_noop
configure:6197: checking how to convert i686-pc-linux-gnu file names to toolchain format
configure:6217: result: func_convert_file_noop
configure:6224: checking for /home/manuel/lib/emscripten/emcc option to reload object files
configure:6231: result: -r
configure:6305: checking for objdump
configure:6332: result: objdump
configure:6361: checking how to recognize dependent libraries
configure:6563: result: pass_all
configure:6648: checking for dlltool
configure:6675: result: dlltool
configure:6705: checking how to associate runtime and link libraries
configure:6732: result: printf %s\n
configure:6856: checking for archiver @FILE support
configure:6873: /home/manuel/lib/emscripten/emcc -c   conftest.c >&5
configure:6873: $? = 0
configure:6876: /home/manuel/lib/emscripten/emar cru libconftest.a @conftest.lst >&5
configure:6879: $? = 0
configure:6884: /home/manuel/lib/emscripten/emar cru libconftest.a @conftest.lst >&5
/home/manuel/lib/clang+llvm-3.2-x86-linux-ubuntu-12.04/bin/llvm-ar: File does not exist: conftest.o

configure:6887: $? = 0
configure:6899: result: no
configure:6957: checking for strip
configure:6973: found /usr/bin/strip
configure:6984: result: strip
configure:7056: checking for ranlib
configure:7083: result: /home/manuel/lib/emscripten/emranlib
configure:7185: checking command to parse /usr/bin/nm -B output from /home/manuel/lib/emscripten/emcc object
configure:7305: /home/manuel/lib/emscripten/emcc -c   conftest.c >&5
configure:7308: $? = 0
configure:7312: /usr/bin/nm -B conftest.o \| sed -n -e 's/^.*[ ]\([ABCDGIRSTW][ABCDGIRSTW]*\)[ ][ ]*\([_A-Za-z][_A-Za-z0-9]*\)$/\1 \2 \2/p' | sed '/ __gnu_lto/d' \> conftest.nm
configure:7315: $? = 0
configure:7381: /home/manuel/lib/emscripten/emcc -o conftest    conftest.c conftstm.o >&5
configure:7384: $? = 0
configure:7422: result: ok
configure:7459: checking for sysroot
configure:7489: result: no
configure:7745: checking for mt
configure:7761: found /bin/mt
configure:7772: result: mt
configure:7795: checking if mt is a manifest tool
configure:7801: mt '-?'
configure:7809: result: no
configure:8448: checking for dlfcn.h
configure:8448: /home/manuel/lib/emscripten/emcc -c   conftest.c >&5
configure:8448: $? = 0
configure:8448: result: yes
configure:8652: checking for objdir
configure:8667: result: .libs
configure:8938: checking if /home/manuel/lib/emscripten/emcc supports -fno-rtti -fno-exceptions
configure:8956: /home/manuel/lib/emscripten/emcc -c   -fno-rtti -fno-exceptions conftest.c >&5
configure:8960: $? = 0
configure:8973: result: yes
configure:9300: checking for /home/manuel/lib/emscripten/emcc option to produce PIC
configure:9307: result: -fPIC -DPIC
configure:9315: checking if /home/manuel/lib/emscripten/emcc PIC flag -fPIC -DPIC works
configure:9333: /home/manuel/lib/emscripten/emcc -c   -fPIC -DPIC -DPIC conftest.c >&5
configure:9337: $? = 0
configure:9350: result: yes
configure:9379: checking if /home/manuel/lib/emscripten/emcc static flag -static works
configure:9407: result: yes
configure:9422: checking if /home/manuel/lib/emscripten/emcc supports -c -o file.o
configure:9443: /home/manuel/lib/emscripten/emcc -c   -o out/conftest2.o conftest.c >&5
configure:9447: $? = 0
configure:9469: result: yes
configure:9477: checking if /home/manuel/lib/emscripten/emcc supports -c -o file.o
configure:9524: result: yes
configure:9557: checking whether the /home/manuel/lib/emscripten/emcc linker (/home/manuel/lib/emscripten/emcc) supports shared libraries
configure:10714: result: yes
configure:10751: checking whether -lc should be explicitly linked in
configure:10759: /home/manuel/lib/emscripten/emcc -c   conftest.c >&5
configure:10762: $? = 0
configure:10777: /home/manuel/lib/emscripten/emcc -shared  -fPIC -DPIC conftest.o  -v -Wl,-soname -Wl,conftest -o conftest 2\>\&1 \| /bin/grep  -lc  \>/dev/null 2\>\&1
configure:10780: $? = 0
configure:10794: result: no
configure:10954: checking dynamic linker characteristics
configure:11465: /home/manuel/lib/emscripten/emcc -o conftest    -Wl,-rpath -Wl,/foo conftest.c  >&5
configure:11465: $? = 0
configure:11699: result: GNU/Linux ld.so
configure:11806: checking how to hardcode library paths into programs
configure:11831: result: immediate
configure:12371: checking whether stripping libraries is possible
configure:12376: result: yes
configure:12411: checking if libtool supports shared libraries
configure:12413: result: yes
configure:12416: checking whether to build shared libraries
configure:12437: result: yes
configure:12440: checking whether to build static libraries
configure:12444: result: yes
configure:12530: checking for gcc
configure:12557: result: /home/manuel/lib/emscripten/emcc
configure:12786: checking for C compiler version
configure:12795: /home/manuel/lib/emscripten/emcc --version >&5
emcc (Emscripten GCC-like replacement) 2.0
Copyright (C) 2012 the Emscripten authors.
This is free and open source software under the MIT license.
There is NO warranty; not even for MERCHANTABILITY or FITNESS FOR A PARTICULAR PURPOSE.
  
configure:12806: $? = 0
configure:12795: /home/manuel/lib/emscripten/emcc -v >&5
emcc (Emscripten GCC-like replacement + linker emulating GNU ld ) 2.0
clang version 3.2 (tags/RELEASE_32/final)
Target: i386-pc-linux-gnu
Thread model: posix
configure:12806: $? = 0
configure:12795: /home/manuel/lib/emscripten/emcc -V >&5
clang: error: unsupported option '-V -nostdinc'
clang: error: no input files
configure:12806: $? = 1
configure:12795: /home/manuel/lib/emscripten/emcc -qversion >&5
clang: error: no input files
configure:12806: $? = 1
configure:12810: checking whether we are using the GNU C compiler
configure:12838: result: yes
configure:12847: checking whether /home/manuel/lib/emscripten/emcc accepts -g
configure:12908: result: yes
configure:12925: checking for /home/manuel/lib/emscripten/emcc option to accept ISO C89
configure:13001: result: none needed
configure:13023: checking dependency style of /home/manuel/lib/emscripten/emcc
configure:13134: result: gcc3
configure:13261: checking for C++ compiler version
configure:13270: /home/manuel/lib/emscripten/em++ --version >&5
emcc (Emscripten GCC-like replacement) 2.0
Copyright (C) 2012 the Emscripten authors.
This is free and open source software under the MIT license.
There is NO warranty; not even for MERCHANTABILITY or FITNESS FOR A PARTICULAR PURPOSE.
  
configure:13281: $? = 0
configure:13270: /home/manuel/lib/emscripten/em++ -v >&5
emcc (Emscripten GCC-like replacement + linker emulating GNU ld ) 2.0
clang version 3.2 (tags/RELEASE_32/final)
Target: i386-pc-linux-gnu
Thread model: posix
configure:13281: $? = 0
configure:13270: /home/manuel/lib/emscripten/em++ -V >&5
clang: error: unsupported option '-V -nostdinc'
clang: error: no input files
configure:13281: $? = 1
configure:13270: /home/manuel/lib/emscripten/em++ -qversion >&5
clang: error: no input files
configure:13281: $? = 1
configure:13285: checking whether we are using the GNU C++ compiler
configure:13304: /home/manuel/lib/emscripten/em++ -c   conftest.cpp >&5
configure:13304: $? = 0
configure:13313: result: yes
configure:13322: checking whether /home/manuel/lib/emscripten/em++ accepts -g
configure:13342: /home/manuel/lib/emscripten/em++ -c -g  conftest.cpp >&5
configure:13342: $? = 0
configure:13383: result: yes
configure:13408: checking dependency style of /home/manuel/lib/emscripten/em++
configure:13519: result: gcc3
configure:13552: checking how to run the C++ preprocessor
configure:13579: /home/manuel/lib/emscripten/em++ -E  conftest.cpp
configure:13579: $? = 0
configure:13593: /home/manuel/lib/emscripten/em++ -E  conftest.cpp
conftest.cpp:23:10: fatal error: 'ac_nonexistent.h' file not found
#include <ac_nonexistent.h>
         ^
1 error generated.
configure:13593: $? = 1
configure: failed program was:
| /* confdefs.h */
| #define PACKAGE_NAME "poppler"
| #define PACKAGE_TARNAME "poppler"
| #define PACKAGE_VERSION "0.22.1"
| #define PACKAGE_STRING "poppler 0.22.1"
| #define PACKAGE_BUGREPORT "https://bugs.freedesktop.org/enter_bug.cgi?product=poppler"
| #define PACKAGE_URL ""
| #define PACKAGE "poppler"
| #define VERSION "0.22.1"
| #define STDC_HEADERS 1
| #define HAVE_SYS_TYPES_H 1
| #define HAVE_SYS_STAT_H 1
| #define HAVE_STDLIB_H 1
| #define HAVE_STRING_H 1
| #define HAVE_MEMORY_H 1
| #define HAVE_STRINGS_H 1
| #define HAVE_INTTYPES_H 1
| #define HAVE_STDINT_H 1
| #define HAVE_UNISTD_H 1
| #define HAVE_DLFCN_H 1
| #define LT_OBJDIR ".libs/"
| /* end confdefs.h.  */
| #include <ac_nonexistent.h>
configure:13618: result: /home/manuel/lib/emscripten/em++ -E
configure:13638: /home/manuel/lib/emscripten/em++ -E  conftest.cpp
configure:13638: $? = 0
configure:13652: /home/manuel/lib/emscripten/em++ -E  conftest.cpp
conftest.cpp:23:10: fatal error: 'ac_nonexistent.h' file not found
#include <ac_nonexistent.h>
         ^
1 error generated.
configure:13652: $? = 1
configure: failed program was:
| /* confdefs.h */
| #define PACKAGE_NAME "poppler"
| #define PACKAGE_TARNAME "poppler"
| #define PACKAGE_VERSION "0.22.1"
| #define PACKAGE_STRING "poppler 0.22.1"
| #define PACKAGE_BUGREPORT "https://bugs.freedesktop.org/enter_bug.cgi?product=poppler"
| #define PACKAGE_URL ""
| #define PACKAGE "poppler"
| #define VERSION "0.22.1"
| #define STDC_HEADERS 1
| #define HAVE_SYS_TYPES_H 1
| #define HAVE_SYS_STAT_H 1
| #define HAVE_STDLIB_H 1
| #define HAVE_STRING_H 1
| #define HAVE_MEMORY_H 1
| #define HAVE_STRINGS_H 1
| #define HAVE_INTTYPES_H 1
| #define HAVE_STDINT_H 1
| #define HAVE_UNISTD_H 1
| #define HAVE_DLFCN_H 1
| #define LT_OBJDIR ".libs/"
| /* end confdefs.h.  */
| #include <ac_nonexistent.h>
configure:13821: checking for ld used by /home/manuel/lib/emscripten/em++
configure:13888: result: /home/manuel/lib/emscripten/emcc
configure:13895: checking if the linker (/home/manuel/lib/emscripten/emcc) is GNU ld
configure:13910: result: yes
configure:13965: checking whether the /home/manuel/lib/emscripten/em++ linker (/home/manuel/lib/emscripten/emcc) supports shared libraries
configure:14970: result: yes
configure:15006: /home/manuel/lib/emscripten/em++ -c -g -O2  conftest.cpp >&5
configure:15009: $? = 0
configure:15529: checking for /home/manuel/lib/emscripten/em++ option to produce PIC
configure:15536: result: -fPIC -DPIC
configure:15544: checking if /home/manuel/lib/emscripten/em++ PIC flag -fPIC -DPIC works
configure:15562: /home/manuel/lib/emscripten/em++ -c -g -O2  -fPIC -DPIC -DPIC conftest.cpp >&5
configure:15566: $? = 0
configure:15579: result: yes
configure:15602: checking if /home/manuel/lib/emscripten/em++ static flag -static works
configure:15630: result: yes
configure:15642: checking if /home/manuel/lib/emscripten/em++ supports -c -o file.o
configure:15663: /home/manuel/lib/emscripten/em++ -c -g -O2  -o out/conftest2.o conftest.cpp >&5
configure:15667: $? = 0
configure:15689: result: yes
configure:15694: checking if /home/manuel/lib/emscripten/em++ supports -c -o file.o
configure:15741: result: yes
configure:15771: checking whether the /home/manuel/lib/emscripten/em++ linker (/home/manuel/lib/emscripten/emcc) supports shared libraries
configure:15810: result: yes
configure:15951: checking dynamic linker characteristics
configure:16630: result: GNU/Linux ld.so
configure:16683: checking how to hardcode library paths into programs
configure:16708: result: immediate
configure:16748: checking for library containing strerror
configure:16779: /home/manuel/lib/emscripten/emcc -o conftest    conftest.c  >&5
conftest.c:30:6: warning: incompatible redeclaration of library function 'strerror'
char strerror ();
     ^
conftest.c:30:6: note: 'strerror' is a builtin with type 'char *(int)'
1 warning generated.
configure:16779: $? = 0
configure:16796: result: none required
configure:16808: checking for /home/manuel/lib/emscripten/emcc option to accept ISO C99
configure:16957: /home/manuel/lib/emscripten/emcc  -c   conftest.c >&5
configure:16957: $? = 0
configure:16970: result: none needed
configure:17078: checking for /home/manuel/lib/emscripten/emcc option to accept ISO Standard C
configure:17089: result: none needed
configure:17211: checking for C++ compiler version
configure:17220: /home/manuel/lib/emscripten/em++ --version >&5
emcc (Emscripten GCC-like replacement) 2.0
Copyright (C) 2012 the Emscripten authors.
This is free and open source software under the MIT license.
There is NO warranty; not even for MERCHANTABILITY or FITNESS FOR A PARTICULAR PURPOSE.
  
configure:17231: $? = 0
configure:17220: /home/manuel/lib/emscripten/em++ -v >&5
emcc (Emscripten GCC-like replacement + linker emulating GNU ld ) 2.0
clang version 3.2 (tags/RELEASE_32/final)
Target: i386-pc-linux-gnu
Thread model: posix
configure:17231: $? = 0
configure:17220: /home/manuel/lib/emscripten/em++ -V >&5
clang: error: unsupported option '-V -nostdinc'
clang: error: no input files
configure:17231: $? = 1
configure:17220: /home/manuel/lib/emscripten/em++ -qversion >&5
clang: error: no input files
configure:17231: $? = 1
configure:17235: checking whether we are using the GNU C++ compiler
configure:17263: result: yes
configure:17272: checking whether /home/manuel/lib/emscripten/em++ accepts -g
configure:17333: result: yes
configure:17358: checking dependency style of /home/manuel/lib/emscripten/em++
configure:17469: result: gcc3
configure:17555: checking for pkg-config
configure:17573: found /usr/bin/pkg-config
configure:17585: result: /usr/bin/pkg-config
configure:17610: checking pkg-config is at least version 0.9.0
configure:17613: result: yes
configure:17822: checking for the pthreads library -lpthreads
configure:17855: /home/manuel/lib/emscripten/emcc -o conftest     conftest.c -lpthreads  >&5
/usr/bin/ld: cannot find -lpthreads
clang: error: linker command failed with exit code 1 (use -v to see invocation)
configure:17855: $? = 1
configure: failed program was:
| /* confdefs.h */
| #define PACKAGE_NAME "poppler"
| #define PACKAGE_TARNAME "poppler"
| #define PACKAGE_VERSION "0.22.1"
| #define PACKAGE_STRING "poppler 0.22.1"
| #define PACKAGE_BUGREPORT "https://bugs.freedesktop.org/enter_bug.cgi?product=poppler"
| #define PACKAGE_URL ""
| #define PACKAGE "poppler"
| #define VERSION "0.22.1"
| #define STDC_HEADERS 1
| #define HAVE_SYS_TYPES_H 1
| #define HAVE_SYS_STAT_H 1
| #define HAVE_STDLIB_H 1
| #define HAVE_STRING_H 1
| #define HAVE_MEMORY_H 1
| #define HAVE_STRINGS_H 1
| #define HAVE_INTTYPES_H 1
| #define HAVE_STDINT_H 1
| #define HAVE_UNISTD_H 1
| #define HAVE_DLFCN_H 1
| #define LT_OBJDIR ".libs/"
| #define POPPLER_VERSION "0.22.1"
| #define OPI_SUPPORT 1
| #define MULTITHREADED 1
| #define TEXTOUT_WORD_LIST 1
| /* end confdefs.h.  */
| #include <pthread.h>
| int
| main ()
| {
| pthread_t th; pthread_join(th, 0);
|                      pthread_attr_init(0); pthread_cleanup_push(0, 0);
|                      pthread_create(0,0,0,0); pthread_cleanup_pop(0);
|   ;
|   return 0;
| }
configure:17864: result: no
configure:17767: checking whether pthreads work without any flags
configure:17855: /home/manuel/lib/emscripten/emcc -o conftest     conftest.c   >&5
/tmp/conftest-i4jRWn.o: In function `main':
conftest.c:(.text+0x24): undefined reference to `pthread_join'
conftest.c:(.text+0x5a): undefined reference to `pthread_cleanup_push'
conftest.c:(.text+0x86): undefined reference to `pthread_create'
conftest.c:(.text+0x9d): undefined reference to `pthread_cleanup_pop'
clang: error: linker command failed with exit code 1 (use -v to see invocation)
configure:17855: $? = 1
configure: failed program was:
| /* confdefs.h */
| #define PACKAGE_NAME "poppler"
| #define PACKAGE_TARNAME "poppler"
| #define PACKAGE_VERSION "0.22.1"
| #define PACKAGE_STRING "poppler 0.22.1"
| #define PACKAGE_BUGREPORT "https://bugs.freedesktop.org/enter_bug.cgi?product=poppler"
| #define PACKAGE_URL ""
| #define PACKAGE "poppler"
| #define VERSION "0.22.1"
| #define STDC_HEADERS 1
| #define HAVE_SYS_TYPES_H 1
| #define HAVE_SYS_STAT_H 1
| #define HAVE_STDLIB_H 1
| #define HAVE_STRING_H 1
| #define HAVE_MEMORY_H 1
| #define HAVE_STRINGS_H 1
| #define HAVE_INTTYPES_H 1
| #define HAVE_STDINT_H 1
| #define HAVE_UNISTD_H 1
| #define HAVE_DLFCN_H 1
| #define LT_OBJDIR ".libs/"
| #define POPPLER_VERSION "0.22.1"
| #define OPI_SUPPORT 1
| #define MULTITHREADED 1
| #define TEXTOUT_WORD_LIST 1
| /* end confdefs.h.  */
| #include <pthread.h>
| int
| main ()
| {
| pthread_t th; pthread_join(th, 0);
|                      pthread_attr_init(0); pthread_cleanup_push(0, 0);
|                      pthread_create(0,0,0,0); pthread_cleanup_pop(0);
|   ;
|   return 0;
| }
configure:17864: result: no
configure:17772: checking whether pthreads work with -Kthread
configure:17855: /home/manuel/lib/emscripten/emcc -o conftest  -Kthread   conftest.c   >&5
clang: warning: argument unused during compilation: '-Kthread'
/tmp/conftest-0hip3I.o: In function `main':
conftest.c:(.text+0x24): undefined reference to `pthread_join'
conftest.c:(.text+0x5a): undefined reference to `pthread_cleanup_push'
conftest.c:(.text+0x86): undefined reference to `pthread_create'
conftest.c:(.text+0x9d): undefined reference to `pthread_cleanup_pop'
clang: error: linker command failed with exit code 1 (use -v to see invocation)
configure:17855: $? = 1
configure: failed program was:
| /* confdefs.h */
| #define PACKAGE_NAME "poppler"
| #define PACKAGE_TARNAME "poppler"
| #define PACKAGE_VERSION "0.22.1"
| #define PACKAGE_STRING "poppler 0.22.1"
| #define PACKAGE_BUGREPORT "https://bugs.freedesktop.org/enter_bug.cgi?product=poppler"
| #define PACKAGE_URL ""
| #define PACKAGE "poppler"
| #define VERSION "0.22.1"
| #define STDC_HEADERS 1
| #define HAVE_SYS_TYPES_H 1
| #define HAVE_SYS_STAT_H 1
| #define HAVE_STDLIB_H 1
| #define HAVE_STRING_H 1
| #define HAVE_MEMORY_H 1
| #define HAVE_STRINGS_H 1
| #define HAVE_INTTYPES_H 1
| #define HAVE_STDINT_H 1
| #define HAVE_UNISTD_H 1
| #define HAVE_DLFCN_H 1
| #define LT_OBJDIR ".libs/"
| #define POPPLER_VERSION "0.22.1"
| #define OPI_SUPPORT 1
| #define MULTITHREADED 1
| #define TEXTOUT_WORD_LIST 1
| /* end confdefs.h.  */
| #include <pthread.h>
| int
| main ()
| {
| pthread_t th; pthread_join(th, 0);
|                      pthread_attr_init(0); pthread_cleanup_push(0, 0);
|                      pthread_create(0,0,0,0); pthread_cleanup_pop(0);
|   ;
|   return 0;
| }
configure:17864: result: no
configure:17772: checking whether pthreads work with -kthread
configure:17855: /home/manuel/lib/emscripten/emcc -o conftest  -kthread   conftest.c   >&5
clang: warning: argument unused during compilation: '-kthread'
/tmp/conftest-6MPIG1.o: In function `main':
conftest.c:(.text+0x24): undefined reference to `pthread_join'
conftest.c:(.text+0x5a): undefined reference to `pthread_cleanup_push'
conftest.c:(.text+0x86): undefined reference to `pthread_create'
conftest.c:(.text+0x9d): undefined reference to `pthread_cleanup_pop'
clang: error: linker command failed with exit code 1 (use -v to see invocation)
configure:17855: $? = 1
configure: failed program was:
| /* confdefs.h */
| #define PACKAGE_NAME "poppler"
| #define PACKAGE_TARNAME "poppler"
| #define PACKAGE_VERSION "0.22.1"
| #define PACKAGE_STRING "poppler 0.22.1"
| #define PACKAGE_BUGREPORT "https://bugs.freedesktop.org/enter_bug.cgi?product=poppler"
| #define PACKAGE_URL ""
| #define PACKAGE "poppler"
| #define VERSION "0.22.1"
| #define STDC_HEADERS 1
| #define HAVE_SYS_TYPES_H 1
| #define HAVE_SYS_STAT_H 1
| #define HAVE_STDLIB_H 1
| #define HAVE_STRING_H 1
| #define HAVE_MEMORY_H 1
| #define HAVE_STRINGS_H 1
| #define HAVE_INTTYPES_H 1
| #define HAVE_STDINT_H 1
| #define HAVE_UNISTD_H 1
| #define HAVE_DLFCN_H 1
| #define LT_OBJDIR ".libs/"
| #define POPPLER_VERSION "0.22.1"
| #define OPI_SUPPORT 1
| #define MULTITHREADED 1
| #define TEXTOUT_WORD_LIST 1
| /* end confdefs.h.  */
| #include <pthread.h>
| int
| main ()
| {
| pthread_t th; pthread_join(th, 0);
|                      pthread_attr_init(0); pthread_cleanup_push(0, 0);
|                      pthread_create(0,0,0,0); pthread_cleanup_pop(0);
|   ;
|   return 0;
| }
configure:17864: result: no
configure:17822: checking for the pthreads library -llthread
configure:17855: /home/manuel/lib/emscripten/emcc -o conftest     conftest.c -llthread  >&5
/usr/bin/ld: cannot find -llthread
clang: error: linker command failed with exit code 1 (use -v to see invocation)
configure:17855: $? = 1
configure: failed program was:
| /* confdefs.h */
| #define PACKAGE_NAME "poppler"
| #define PACKAGE_TARNAME "poppler"
| #define PACKAGE_VERSION "0.22.1"
| #define PACKAGE_STRING "poppler 0.22.1"
| #define PACKAGE_BUGREPORT "https://bugs.freedesktop.org/enter_bug.cgi?product=poppler"
| #define PACKAGE_URL ""
| #define PACKAGE "poppler"
| #define VERSION "0.22.1"
| #define STDC_HEADERS 1
| #define HAVE_SYS_TYPES_H 1
| #define HAVE_SYS_STAT_H 1
| #define HAVE_STDLIB_H 1
| #define HAVE_STRING_H 1
| #define HAVE_MEMORY_H 1
| #define HAVE_STRINGS_H 1
| #define HAVE_INTTYPES_H 1
| #define HAVE_STDINT_H 1
| #define HAVE_UNISTD_H 1
| #define HAVE_DLFCN_H 1
| #define LT_OBJDIR ".libs/"
| #define POPPLER_VERSION "0.22.1"
| #define OPI_SUPPORT 1
| #define MULTITHREADED 1
| #define TEXTOUT_WORD_LIST 1
| /* end confdefs.h.  */
| #include <pthread.h>
| int
| main ()
| {
| pthread_t th; pthread_join(th, 0);
|                      pthread_attr_init(0); pthread_cleanup_push(0, 0);
|                      pthread_create(0,0,0,0); pthread_cleanup_pop(0);
|   ;
|   return 0;
| }
configure:17864: result: no
configure:17772: checking whether pthreads work with -pthread
configure:17855: /home/manuel/lib/emscripten/emcc -o conftest  -pthread   conftest.c   >&5
/tmp/conftest-zTuIbt.o: In function `main':
conftest.c:(.text+0x5a): undefined reference to `pthread_cleanup_push'
conftest.c:(.text+0x9d): undefined reference to `pthread_cleanup_pop'
clang: error: linker command failed with exit code 1 (use -v to see invocation)
configure:17855: $? = 1
configure: failed program was:
| /* confdefs.h */
| #define PACKAGE_NAME "poppler"
| #define PACKAGE_TARNAME "poppler"
| #define PACKAGE_VERSION "0.22.1"
| #define PACKAGE_STRING "poppler 0.22.1"
| #define PACKAGE_BUGREPORT "https://bugs.freedesktop.org/enter_bug.cgi?product=poppler"
| #define PACKAGE_URL ""
| #define PACKAGE "poppler"
| #define VERSION "0.22.1"
| #define STDC_HEADERS 1
| #define HAVE_SYS_TYPES_H 1
| #define HAVE_SYS_STAT_H 1
| #define HAVE_STDLIB_H 1
| #define HAVE_STRING_H 1
| #define HAVE_MEMORY_H 1
| #define HAVE_STRINGS_H 1
| #define HAVE_INTTYPES_H 1
| #define HAVE_STDINT_H 1
| #define HAVE_UNISTD_H 1
| #define HAVE_DLFCN_H 1
| #define LT_OBJDIR ".libs/"
| #define POPPLER_VERSION "0.22.1"
| #define OPI_SUPPORT 1
| #define MULTITHREADED 1
| #define TEXTOUT_WORD_LIST 1
| /* end confdefs.h.  */
| #include <pthread.h>
| int
| main ()
| {
| pthread_t th; pthread_join(th, 0);
|                      pthread_attr_init(0); pthread_cleanup_push(0, 0);
|                      pthread_create(0,0,0,0); pthread_cleanup_pop(0);
|   ;
|   return 0;
| }
configure:17864: result: no
configure:17772: checking whether pthreads work with -pthreads
configure:17855: /home/manuel/lib/emscripten/emcc -o conftest  -pthreads   conftest.c   >&5
/tmp/conftest-haVtvM.o: In function `main':
conftest.c:(.text+0x5a): undefined reference to `pthread_cleanup_push'
conftest.c:(.text+0x9d): undefined reference to `pthread_cleanup_pop'
clang: error: linker command failed with exit code 1 (use -v to see invocation)
configure:17855: $? = 1
configure: failed program was:
| /* confdefs.h */
| #define PACKAGE_NAME "poppler"
| #define PACKAGE_TARNAME "poppler"
| #define PACKAGE_VERSION "0.22.1"
| #define PACKAGE_STRING "poppler 0.22.1"
| #define PACKAGE_BUGREPORT "https://bugs.freedesktop.org/enter_bug.cgi?product=poppler"
| #define PACKAGE_URL ""
| #define PACKAGE "poppler"
| #define VERSION "0.22.1"
| #define STDC_HEADERS 1
| #define HAVE_SYS_TYPES_H 1
| #define HAVE_SYS_STAT_H 1
| #define HAVE_STDLIB_H 1
| #define HAVE_STRING_H 1
| #define HAVE_MEMORY_H 1
| #define HAVE_STRINGS_H 1
| #define HAVE_INTTYPES_H 1
| #define HAVE_STDINT_H 1
| #define HAVE_UNISTD_H 1
| #define HAVE_DLFCN_H 1
| #define LT_OBJDIR ".libs/"
| #define POPPLER_VERSION "0.22.1"
| #define OPI_SUPPORT 1
| #define MULTITHREADED 1
| #define TEXTOUT_WORD_LIST 1
| /* end confdefs.h.  */
| #include <pthread.h>
| int
| main ()
| {
| pthread_t th; pthread_join(th, 0);
|                      pthread_attr_init(0); pthread_cleanup_push(0, 0);
|                      pthread_create(0,0,0,0); pthread_cleanup_pop(0);
|   ;
|   return 0;
| }
configure:17864: result: no
configure:17772: checking whether pthreads work with -mthreads
configure:17855: /home/manuel/lib/emscripten/emcc -o conftest  -mthreads   conftest.c   >&5
clang: warning: argument unused during compilation: '-mthreads'
/tmp/conftest-z9mmf8.o: In function `main':
conftest.c:(.text+0x24): undefined reference to `pthread_join'
conftest.c:(.text+0x5a): undefined reference to `pthread_cleanup_push'
conftest.c:(.text+0x86): undefined reference to `pthread_create'
conftest.c:(.text+0x9d): undefined reference to `pthread_cleanup_pop'
clang: error: linker command failed with exit code 1 (use -v to see invocation)
configure:17855: $? = 1
configure: failed program was:
| /* confdefs.h */
| #define PACKAGE_NAME "poppler"
| #define PACKAGE_TARNAME "poppler"
| #define PACKAGE_VERSION "0.22.1"
| #define PACKAGE_STRING "poppler 0.22.1"
| #define PACKAGE_BUGREPORT "https://bugs.freedesktop.org/enter_bug.cgi?product=poppler"
| #define PACKAGE_URL ""
| #define PACKAGE "poppler"
| #define VERSION "0.22.1"
| #define STDC_HEADERS 1
| #define HAVE_SYS_TYPES_H 1
| #define HAVE_SYS_STAT_H 1
| #define HAVE_STDLIB_H 1
| #define HAVE_STRING_H 1
| #define HAVE_MEMORY_H 1
| #define HAVE_STRINGS_H 1
| #define HAVE_INTTYPES_H 1
| #define HAVE_STDINT_H 1
| #define HAVE_UNISTD_H 1
| #define HAVE_DLFCN_H 1
| #define LT_OBJDIR ".libs/"
| #define POPPLER_VERSION "0.22.1"
| #define OPI_SUPPORT 1
| #define MULTITHREADED 1
| #define TEXTOUT_WORD_LIST 1
| /* end confdefs.h.  */
| #include <pthread.h>
| int
| main ()
| {
| pthread_t th; pthread_join(th, 0);
|                      pthread_attr_init(0); pthread_cleanup_push(0, 0);
|                      pthread_create(0,0,0,0); pthread_cleanup_pop(0);
|   ;
|   return 0;
| }
configure:17864: result: no
configure:17822: checking for the pthreads library -lpthread
configure:17855: /home/manuel/lib/emscripten/emcc -o conftest     conftest.c -lpthread  >&5
/tmp/conftest-SwJquj.o: In function `main':
conftest.c:(.text+0x5a): undefined reference to `pthread_cleanup_push'
conftest.c:(.text+0x9d): undefined reference to `pthread_cleanup_pop'
clang: error: linker command failed with exit code 1 (use -v to see invocation)
configure:17855: $? = 1
configure: failed program was:
| /* confdefs.h */
| #define PACKAGE_NAME "poppler"
| #define PACKAGE_TARNAME "poppler"
| #define PACKAGE_VERSION "0.22.1"
| #define PACKAGE_STRING "poppler 0.22.1"
| #define PACKAGE_BUGREPORT "https://bugs.freedesktop.org/enter_bug.cgi?product=poppler"
| #define PACKAGE_URL ""
| #define PACKAGE "poppler"
| #define VERSION "0.22.1"
| #define STDC_HEADERS 1
| #define HAVE_SYS_TYPES_H 1
| #define HAVE_SYS_STAT_H 1
| #define HAVE_STDLIB_H 1
| #define HAVE_STRING_H 1
| #define HAVE_MEMORY_H 1
| #define HAVE_STRINGS_H 1
| #define HAVE_INTTYPES_H 1
| #define HAVE_STDINT_H 1
| #define HAVE_UNISTD_H 1
| #define HAVE_DLFCN_H 1
| #define LT_OBJDIR ".libs/"
| #define POPPLER_VERSION "0.22.1"
| #define OPI_SUPPORT 1
| #define MULTITHREADED 1
| #define TEXTOUT_WORD_LIST 1
| /* end confdefs.h.  */
| #include <pthread.h>
| int
| main ()
| {
| pthread_t th; pthread_join(th, 0);
|                      pthread_attr_init(0); pthread_cleanup_push(0, 0);
|                      pthread_create(0,0,0,0); pthread_cleanup_pop(0);
|   ;
|   return 0;
| }
configure:17864: result: no
configure:17772: checking whether pthreads work with --thread-safe
configure:17855: /home/manuel/lib/emscripten/emcc -o conftest  --thread-safe   conftest.c   >&5
clang: error: unsupported option '--thread-safe'
configure:17855: $? = 1
configure: failed program was:
| /* confdefs.h */
| #define PACKAGE_NAME "poppler"
| #define PACKAGE_TARNAME "poppler"
| #define PACKAGE_VERSION "0.22.1"
| #define PACKAGE_STRING "poppler 0.22.1"
| #define PACKAGE_BUGREPORT "https://bugs.freedesktop.org/enter_bug.cgi?product=poppler"
| #define PACKAGE_URL ""
| #define PACKAGE "poppler"
| #define VERSION "0.22.1"
| #define STDC_HEADERS 1
| #define HAVE_SYS_TYPES_H 1
| #define HAVE_SYS_STAT_H 1
| #define HAVE_STDLIB_H 1
| #define HAVE_STRING_H 1
| #define HAVE_MEMORY_H 1
| #define HAVE_STRINGS_H 1
| #define HAVE_INTTYPES_H 1
| #define HAVE_STDINT_H 1
| #define HAVE_UNISTD_H 1
| #define HAVE_DLFCN_H 1
| #define LT_OBJDIR ".libs/"
| #define POPPLER_VERSION "0.22.1"
| #define OPI_SUPPORT 1
| #define MULTITHREADED 1
| #define TEXTOUT_WORD_LIST 1
| /* end confdefs.h.  */
| #include <pthread.h>
| int
| main ()
| {
| pthread_t th; pthread_join(th, 0);
|                      pthread_attr_init(0); pthread_cleanup_push(0, 0);
|                      pthread_create(0,0,0,0); pthread_cleanup_pop(0);
|   ;
|   return 0;
| }
configure:17864: result: no
configure:17772: checking whether pthreads work with -mt
configure:17855: /home/manuel/lib/emscripten/emcc -o conftest  -mt   conftest.c   >&5
clang: warning: argument unused during compilation: '-mt'
/tmp/conftest-8l5okQ.o: In function `main':
conftest.c:(.text+0x24): undefined reference to `pthread_join'
conftest.c:(.text+0x5a): undefined reference to `pthread_cleanup_push'
conftest.c:(.text+0x86): undefined reference to `pthread_create'
conftest.c:(.text+0x9d): undefined reference to `pthread_cleanup_pop'
clang: error: linker command failed with exit code 1 (use -v to see invocation)
configure:17855: $? = 1
configure: failed program was:
| /* confdefs.h */
| #define PACKAGE_NAME "poppler"
| #define PACKAGE_TARNAME "poppler"
| #define PACKAGE_VERSION "0.22.1"
| #define PACKAGE_STRING "poppler 0.22.1"
| #define PACKAGE_BUGREPORT "https://bugs.freedesktop.org/enter_bug.cgi?product=poppler"
| #define PACKAGE_URL ""
| #define PACKAGE "poppler"
| #define VERSION "0.22.1"
| #define STDC_HEADERS 1
| #define HAVE_SYS_TYPES_H 1
| #define HAVE_SYS_STAT_H 1
| #define HAVE_STDLIB_H 1
| #define HAVE_STRING_H 1
| #define HAVE_MEMORY_H 1
| #define HAVE_STRINGS_H 1
| #define HAVE_INTTYPES_H 1
| #define HAVE_STDINT_H 1
| #define HAVE_UNISTD_H 1
| #define HAVE_DLFCN_H 1
| #define LT_OBJDIR ".libs/"
| #define POPPLER_VERSION "0.22.1"
| #define OPI_SUPPORT 1
| #define MULTITHREADED 1
| #define TEXTOUT_WORD_LIST 1
| /* end confdefs.h.  */
| #include <pthread.h>
| int
| main ()
| {
| pthread_t th; pthread_join(th, 0);
|                      pthread_attr_init(0); pthread_cleanup_push(0, 0);
|                      pthread_create(0,0,0,0); pthread_cleanup_pop(0);
|   ;
|   return 0;
| }
configure:17864: result: no
configure:17780: checking for pthread-config
configure:17808: result: no
configure:18081: checking for X
configure:18189: /home/manuel/lib/emscripten/emcc -E  conftest.c
configure:18189: $? = 0
configure:18220: /home/manuel/lib/emscripten/emcc -o conftest    conftest.c -lX11  >&5
configure:18220: $? = 0
configure:18270: result: libraries , headers 
configure:18369: /home/manuel/lib/emscripten/emcc -o conftest    conftest.c   -lX11 >&5
configure:18369: $? = 0
configure:18467: checking for gethostbyname
configure:18467: /home/manuel/lib/emscripten/emcc -o conftest    conftest.c  >&5
configure:18467: $? = 0
configure:18467: result: yes
configure:18564: checking for connect
configure:18564: /home/manuel/lib/emscripten/emcc -o conftest    conftest.c  >&5
configure:18564: $? = 0
configure:18564: result: yes
configure:18613: checking for remove
configure:18613: /home/manuel/lib/emscripten/emcc -o conftest    conftest.c  >&5
configure:18613: $? = 0
configure:18613: result: yes
configure:18662: checking for shmat
configure:18662: /home/manuel/lib/emscripten/emcc -o conftest    conftest.c  >&5
configure:18662: $? = 0
configure:18662: result: yes
configure:18720: checking for IceConnectionNumber in -lICE
configure:18745: /home/manuel/lib/emscripten/emcc -o conftest    conftest.c -lICE   >&5
configure:18745: $? = 0
configure:18754: result: yes
configure:18767: checking for dirent.h that defines DIR
configure:18786: /home/manuel/lib/emscripten/emcc -c   conftest.c >&5
configure:18786: $? = 0
configure:18794: result: yes
configure:18807: checking for library containing opendir
configure:18838: /home/manuel/lib/emscripten/emcc -o conftest    conftest.c  >&5
configure:18838: $? = 0
configure:18855: result: none required
configure:18924: checking for stdint.h
configure:18924: result: yes
configure:18942: checking whether gettimeofday is declared
configure:18942: /home/manuel/lib/emscripten/em++ -c -g -O2 -ansi  conftest.cpp >&5
configure:18942: $? = 0
configure:18942: result: yes
configure:18945: checking for gettimeofday
configure:18945: /home/manuel/lib/emscripten/em++ -o conftest -g -O2 -ansi   conftest.cpp  >&5
configure:18945: $? = 0
configure:18945: result: yes
configure:18954: checking for localtime_r
configure:18954: /home/manuel/lib/emscripten/em++ -o conftest -g -O2 -ansi   conftest.cpp  >&5
configure:18954: $? = 0
configure:18954: result: yes
configure:18961: checking for gmtime_r
configure:18961: /home/manuel/lib/emscripten/em++ -o conftest -g -O2 -ansi   conftest.cpp  >&5
configure:18961: $? = 0
configure:18961: result: yes
configure:18968: checking for rand_r
configure:18968: /home/manuel/lib/emscripten/em++ -o conftest -g -O2 -ansi   conftest.cpp  >&5
configure:18968: $? = 0
configure:18968: result: yes
configure:18976: checking for gethostbyname
configure:18976: result: yes
configure:19024: checking for nanosleep
configure:19024: /home/manuel/lib/emscripten/em++ -o conftest -g -O2 -ansi   conftest.cpp  >&5
configure:19024: $? = 0
configure:19024: result: yes
configure:19311: checking for LIBOPENJPEG
configure:19318: $PKG_CONFIG --exists --print-errors "libopenjpeg"
Package libopenjpeg was not found in the pkg-config search path.
Perhaps you should add the directory containing `libopenjpeg.pc'
to the PKG_CONFIG_PATH environment variable
No package 'libopenjpeg' found
configure:19321: $? = 1
configure:19335: $PKG_CONFIG --exists --print-errors "libopenjpeg"
Package libopenjpeg was not found in the pkg-config search path.
Perhaps you should add the directory containing `libopenjpeg.pc'
to the PKG_CONFIG_PATH environment variable
No package 'libopenjpeg' found
configure:19338: $? = 1
configure:19352: result: no
No package 'libopenjpeg' found
configure:19368: checking for opj_cio_open in -lopenjpeg
configure:19393: /home/manuel/lib/emscripten/em++ -o conftest -g -O2 -ansi   conftest.cpp -lopenjpeg   >&5
/usr/bin/ld: cannot find -lopenjpeg
clang: error: linker command failed with exit code 1 (use -v to see invocation)
configure:19393: $? = 1
configure: failed program was:
| /* confdefs.h */
| #define PACKAGE_NAME "poppler"
| #define PACKAGE_TARNAME "poppler"
| #define PACKAGE_VERSION "0.22.1"
| #define PACKAGE_STRING "poppler 0.22.1"
| #define PACKAGE_BUGREPORT "https://bugs.freedesktop.org/enter_bug.cgi?product=poppler"
| #define PACKAGE_URL ""
| #define PACKAGE "poppler"
| #define VERSION "0.22.1"
| #define STDC_HEADERS 1
| #define HAVE_SYS_TYPES_H 1
| #define HAVE_SYS_STAT_H 1
| #define HAVE_STDLIB_H 1
| #define HAVE_STRING_H 1
| #define HAVE_MEMORY_H 1
| #define HAVE_STRINGS_H 1
| #define HAVE_INTTYPES_H 1
| #define HAVE_STDINT_H 1
| #define HAVE_UNISTD_H 1
| #define HAVE_DLFCN_H 1
| #define LT_OBJDIR ".libs/"
| #define POPPLER_VERSION "0.22.1"
| #define OPI_SUPPORT 1
| #define MULTITHREADED 1
| #define TEXTOUT_WORD_LIST 1
| #define POPPLER_DATADIR "/usr/local/share/poppler"
| #define HAVE_DIRENT_H 1
| #define HAVE_STDINT_H 1
| #define HAVE_GETTIMEOFDAY 1
| #define HAVE_LOCALTIME_R 1
| #define HAVE_GMTIME_R 1
| #define HAVE_RAND_R 1
| /* end confdefs.h.  */
| 
| /* Override any GCC internal prototype to avoid an error.
|    Use char because int might match the return type of a GCC
|    builtin and then its argument prototype would still apply.  */
| #ifdef __cplusplus
| extern "C"
| #endif
| char opj_cio_open ();
| int
| main ()
| {
| return opj_cio_open ();
|   ;
|   return 0;
| }
configure:19402: result: no
configure:19413: checking openjpeg.h usability
configure:19413: /home/manuel/lib/emscripten/em++ -c -g -O2 -ansi  conftest.cpp >&5
conftest.cpp:67:10: fatal error: 'openjpeg.h' file not found
#include <openjpeg.h>
         ^
1 error generated.
configure:19413: $? = 1
configure: failed program was:
| /* confdefs.h */
| #define PACKAGE_NAME "poppler"
| #define PACKAGE_TARNAME "poppler"
| #define PACKAGE_VERSION "0.22.1"
| #define PACKAGE_STRING "poppler 0.22.1"
| #define PACKAGE_BUGREPORT "https://bugs.freedesktop.org/enter_bug.cgi?product=poppler"
| #define PACKAGE_URL ""
| #define PACKAGE "poppler"
| #define VERSION "0.22.1"
| #define STDC_HEADERS 1
| #define HAVE_SYS_TYPES_H 1
| #define HAVE_SYS_STAT_H 1
| #define HAVE_STDLIB_H 1
| #define HAVE_STRING_H 1
| #define HAVE_MEMORY_H 1
| #define HAVE_STRINGS_H 1
| #define HAVE_INTTYPES_H 1
| #define HAVE_STDINT_H 1
| #define HAVE_UNISTD_H 1
| #define HAVE_DLFCN_H 1
| #define LT_OBJDIR ".libs/"
| #define POPPLER_VERSION "0.22.1"
| #define OPI_SUPPORT 1
| #define MULTITHREADED 1
| #define TEXTOUT_WORD_LIST 1
| #define POPPLER_DATADIR "/usr/local/share/poppler"
| #define HAVE_DIRENT_H 1
| #define HAVE_STDINT_H 1
| #define HAVE_GETTIMEOFDAY 1
| #define HAVE_LOCALTIME_R 1
| #define HAVE_GMTIME_R 1
| #define HAVE_RAND_R 1
| /* end confdefs.h.  */
| #include <stdio.h>
| #ifdef HAVE_SYS_TYPES_H
| # include <sys/types.h>
| #endif
| #ifdef HAVE_SYS_STAT_H
| # include <sys/stat.h>
| #endif
| #ifdef STDC_HEADERS
| # include <stdlib.h>
| # include <stddef.h>
| #else
| # ifdef HAVE_STDLIB_H
| #  include <stdlib.h>
| # endif
| #endif
| #ifdef HAVE_STRING_H
| # if !defined STDC_HEADERS && defined HAVE_MEMORY_H
| #  include <memory.h>
| # endif
| # include <string.h>
| #endif
| #ifdef HAVE_STRINGS_H
| # include <strings.h>
| #endif
| #ifdef HAVE_INTTYPES_H
| # include <inttypes.h>
| #endif
| #ifdef HAVE_STDINT_H
| # include <stdint.h>
| #endif
| #ifdef HAVE_UNISTD_H
| # include <unistd.h>
| #endif
| #include <openjpeg.h>
configure:19413: result: no
configure:19413: checking openjpeg.h presence
configure:19413: /home/manuel/lib/emscripten/em++ -E  conftest.cpp
conftest.cpp:34:10: fatal error: 'openjpeg.h' file not found
#include <openjpeg.h>
         ^
1 error generated.
configure:19413: $? = 1
configure: failed program was:
| /* confdefs.h */
| #define PACKAGE_NAME "poppler"
| #define PACKAGE_TARNAME "poppler"
| #define PACKAGE_VERSION "0.22.1"
| #define PACKAGE_STRING "poppler 0.22.1"
| #define PACKAGE_BUGREPORT "https://bugs.freedesktop.org/enter_bug.cgi?product=poppler"
| #define PACKAGE_URL ""
| #define PACKAGE "poppler"
| #define VERSION "0.22.1"
| #define STDC_HEADERS 1
| #define HAVE_SYS_TYPES_H 1
| #define HAVE_SYS_STAT_H 1
| #define HAVE_STDLIB_H 1
| #define HAVE_STRING_H 1
| #define HAVE_MEMORY_H 1
| #define HAVE_STRINGS_H 1
| #define HAVE_INTTYPES_H 1
| #define HAVE_STDINT_H 1
| #define HAVE_UNISTD_H 1
| #define HAVE_DLFCN_H 1
| #define LT_OBJDIR ".libs/"
| #define POPPLER_VERSION "0.22.1"
| #define OPI_SUPPORT 1
| #define MULTITHREADED 1
| #define TEXTOUT_WORD_LIST 1
| #define POPPLER_DATADIR "/usr/local/share/poppler"
| #define HAVE_DIRENT_H 1
| #define HAVE_STDINT_H 1
| #define HAVE_GETTIMEOFDAY 1
| #define HAVE_LOCALTIME_R 1
| #define HAVE_GMTIME_R 1
| #define HAVE_RAND_R 1
| /* end confdefs.h.  */
| #include <openjpeg.h>
configure:19413: result: no
configure:19413: checking for openjpeg.h
configure:19413: result: no
configure:19619: checking for TIFFOpen in -ltiff
configure:19644: /home/manuel/lib/emscripten/em++ -o conftest -g -O2 -ansi -I../../libtiff/src/  -I../../libtiff/src/  conftest.cpp -ltiff    >&5
configure:19644: $? = 0
configure:19653: result: yes
configure:19664: checking tiffio.h usability
configure:19664: /home/manuel/lib/emscripten/em++ -c -g -O2 -ansi -I../../libtiff/src/  -I../../libtiff/src/ conftest.cpp >&5
configure:19664: $? = 0
configure:19664: result: yes
configure:19664: checking tiffio.h presence
configure:19664: /home/manuel/lib/emscripten/em++ -E  -I../../libtiff/src/ conftest.cpp
configure:19664: $? = 0
configure:19664: result: yes
configure:19664: checking for tiffio.h
configure:19664: result: yes
configure:19709: checking for popen
configure:19709: /home/manuel/lib/emscripten/em++ -o conftest -g -O2 -ansi   conftest.cpp  >&5
configure:19709: $? = 0
configure:19709: result: yes
configure:19709: checking for mkstemp
configure:19709: /home/manuel/lib/emscripten/em++ -o conftest -g -O2 -ansi   conftest.cpp  >&5
configure:19709: $? = 0
configure:19709: result: yes
configure:19709: checking for mkstemps
configure:19709: /home/manuel/lib/emscripten/em++ -o conftest -g -O2 -ansi   conftest.cpp  >&5
configure:19709: $? = 0
configure:19709: result: yes
configure:19733: checking for special C compiler options needed for large files
configure:19778: result: no
configure:19784: checking for _FILE_OFFSET_BITS value needed for large files
configure:19809: /home/manuel/lib/emscripten/emcc -c   conftest.c >&5
conftest.c:46:22: error: 'off_t_is_large' declared as an array with a negative size
  int off_t_is_large[(LARGE_OFF_T % 2147483629 == 721
                     ^~~~~~~~~~~~~~~~~~~~~~~~~~~~~~~~
1 error generated.
configure:19809: $? = 1
configure: failed program was:
| /* confdefs.h */
| #define PACKAGE_NAME "poppler"
| #define PACKAGE_TARNAME "poppler"
| #define PACKAGE_VERSION "0.22.1"
| #define PACKAGE_STRING "poppler 0.22.1"
| #define PACKAGE_BUGREPORT "https://bugs.freedesktop.org/enter_bug.cgi?product=poppler"
| #define PACKAGE_URL ""
| #define PACKAGE "poppler"
| #define VERSION "0.22.1"
| #define STDC_HEADERS 1
| #define HAVE_SYS_TYPES_H 1
| #define HAVE_SYS_STAT_H 1
| #define HAVE_STDLIB_H 1
| #define HAVE_STRING_H 1
| #define HAVE_MEMORY_H 1
| #define HAVE_STRINGS_H 1
| #define HAVE_INTTYPES_H 1
| #define HAVE_STDINT_H 1
| #define HAVE_UNISTD_H 1
| #define HAVE_DLFCN_H 1
| #define LT_OBJDIR ".libs/"
| #define POPPLER_VERSION "0.22.1"
| #define OPI_SUPPORT 1
| #define MULTITHREADED 1
| #define TEXTOUT_WORD_LIST 1
| #define POPPLER_DATADIR "/usr/local/share/poppler"
| #define HAVE_DIRENT_H 1
| #define HAVE_STDINT_H 1
| #define HAVE_GETTIMEOFDAY 1
| #define HAVE_LOCALTIME_R 1
| #define HAVE_GMTIME_R 1
| #define HAVE_RAND_R 1
| #define HAVE_TIFFIO_H 1
| #define ENABLE_LIBTIFF 1
| #define ENABLE_LIBTIFF 1
| #define HAVE_POPEN 1
| #define HAVE_MKSTEMP 1
| #define HAVE_MKSTEMPS 1
| /* end confdefs.h.  */
| #include <sys/types.h>
|  /* Check that off_t can represent 2**63 - 1 correctly.
|     We can't simply define LARGE_OFF_T to be 9223372036854775807,
|     since some C++ compilers masquerading as C compilers
|     incorrectly reject 9223372036854775807.  */
| #define LARGE_OFF_T (((off_t) 1 << 62) - 1 + ((off_t) 1 << 62))
|   int off_t_is_large[(LARGE_OFF_T % 2147483629 == 721
| 		       && LARGE_OFF_T % 2147483647 == 1)
| 		      ? 1 : -1];
| int
| main ()
| {
| 
|   ;
|   return 0;
| }
configure:19833: /home/manuel/lib/emscripten/emcc -c   conftest.c >&5
conftest.c:47:22: error: 'off_t_is_large' declared as an array with a negative size
  int off_t_is_large[(LARGE_OFF_T % 2147483629 == 721
                     ^~~~~~~~~~~~~~~~~~~~~~~~~~~~~~~~
1 error generated.
configure:19833: $? = 1
configure: failed program was:
| /* confdefs.h */
| #define PACKAGE_NAME "poppler"
| #define PACKAGE_TARNAME "poppler"
| #define PACKAGE_VERSION "0.22.1"
| #define PACKAGE_STRING "poppler 0.22.1"
| #define PACKAGE_BUGREPORT "https://bugs.freedesktop.org/enter_bug.cgi?product=poppler"
| #define PACKAGE_URL ""
| #define PACKAGE "poppler"
| #define VERSION "0.22.1"
| #define STDC_HEADERS 1
| #define HAVE_SYS_TYPES_H 1
| #define HAVE_SYS_STAT_H 1
| #define HAVE_STDLIB_H 1
| #define HAVE_STRING_H 1
| #define HAVE_MEMORY_H 1
| #define HAVE_STRINGS_H 1
| #define HAVE_INTTYPES_H 1
| #define HAVE_STDINT_H 1
| #define HAVE_UNISTD_H 1
| #define HAVE_DLFCN_H 1
| #define LT_OBJDIR ".libs/"
| #define POPPLER_VERSION "0.22.1"
| #define OPI_SUPPORT 1
| #define MULTITHREADED 1
| #define TEXTOUT_WORD_LIST 1
| #define POPPLER_DATADIR "/usr/local/share/poppler"
| #define HAVE_DIRENT_H 1
| #define HAVE_STDINT_H 1
| #define HAVE_GETTIMEOFDAY 1
| #define HAVE_LOCALTIME_R 1
| #define HAVE_GMTIME_R 1
| #define HAVE_RAND_R 1
| #define HAVE_TIFFIO_H 1
| #define ENABLE_LIBTIFF 1
| #define ENABLE_LIBTIFF 1
| #define HAVE_POPEN 1
| #define HAVE_MKSTEMP 1
| #define HAVE_MKSTEMPS 1
| /* end confdefs.h.  */
| #define _FILE_OFFSET_BITS 64
| #include <sys/types.h>
|  /* Check that off_t can represent 2**63 - 1 correctly.
|     We can't simply define LARGE_OFF_T to be 9223372036854775807,
|     since some C++ compilers masquerading as C compilers
|     incorrectly reject 9223372036854775807.  */
| #define LARGE_OFF_T (((off_t) 1 << 62) - 1 + ((off_t) 1 << 62))
|   int off_t_is_large[(LARGE_OFF_T % 2147483629 == 721
| 		       && LARGE_OFF_T % 2147483647 == 1)
| 		      ? 1 : -1];
| int
| main ()
| {
| 
|   ;
|   return 0;
| }
configure:19841: result: unknown
configure:19853: checking for _LARGE_FILES value needed for large files
configure:19878: /home/manuel/lib/emscripten/emcc -c   conftest.c >&5
conftest.c:46:22: error: 'off_t_is_large' declared as an array with a negative size
  int off_t_is_large[(LARGE_OFF_T % 2147483629 == 721
                     ^~~~~~~~~~~~~~~~~~~~~~~~~~~~~~~~
1 error generated.
configure:19878: $? = 1
configure: failed program was:
| /* confdefs.h */
| #define PACKAGE_NAME "poppler"
| #define PACKAGE_TARNAME "poppler"
| #define PACKAGE_VERSION "0.22.1"
| #define PACKAGE_STRING "poppler 0.22.1"
| #define PACKAGE_BUGREPORT "https://bugs.freedesktop.org/enter_bug.cgi?product=poppler"
| #define PACKAGE_URL ""
| #define PACKAGE "poppler"
| #define VERSION "0.22.1"
| #define STDC_HEADERS 1
| #define HAVE_SYS_TYPES_H 1
| #define HAVE_SYS_STAT_H 1
| #define HAVE_STDLIB_H 1
| #define HAVE_STRING_H 1
| #define HAVE_MEMORY_H 1
| #define HAVE_STRINGS_H 1
| #define HAVE_INTTYPES_H 1
| #define HAVE_STDINT_H 1
| #define HAVE_UNISTD_H 1
| #define HAVE_DLFCN_H 1
| #define LT_OBJDIR ".libs/"
| #define POPPLER_VERSION "0.22.1"
| #define OPI_SUPPORT 1
| #define MULTITHREADED 1
| #define TEXTOUT_WORD_LIST 1
| #define POPPLER_DATADIR "/usr/local/share/poppler"
| #define HAVE_DIRENT_H 1
| #define HAVE_STDINT_H 1
| #define HAVE_GETTIMEOFDAY 1
| #define HAVE_LOCALTIME_R 1
| #define HAVE_GMTIME_R 1
| #define HAVE_RAND_R 1
| #define HAVE_TIFFIO_H 1
| #define ENABLE_LIBTIFF 1
| #define ENABLE_LIBTIFF 1
| #define HAVE_POPEN 1
| #define HAVE_MKSTEMP 1
| #define HAVE_MKSTEMPS 1
| /* end confdefs.h.  */
| #include <sys/types.h>
|  /* Check that off_t can represent 2**63 - 1 correctly.
|     We can't simply define LARGE_OFF_T to be 9223372036854775807,
|     since some C++ compilers masquerading as C compilers
|     incorrectly reject 9223372036854775807.  */
| #define LARGE_OFF_T (((off_t) 1 << 62) - 1 + ((off_t) 1 << 62))
|   int off_t_is_large[(LARGE_OFF_T % 2147483629 == 721
| 		       && LARGE_OFF_T % 2147483647 == 1)
| 		      ? 1 : -1];
| int
| main ()
| {
| 
|   ;
|   return 0;
| }
configure:19902: /home/manuel/lib/emscripten/emcc -c   conftest.c >&5
conftest.c:47:22: error: 'off_t_is_large' declared as an array with a negative size
  int off_t_is_large[(LARGE_OFF_T % 2147483629 == 721
                     ^~~~~~~~~~~~~~~~~~~~~~~~~~~~~~~~
1 error generated.
configure:19902: $? = 1
configure: failed program was:
| /* confdefs.h */
| #define PACKAGE_NAME "poppler"
| #define PACKAGE_TARNAME "poppler"
| #define PACKAGE_VERSION "0.22.1"
| #define PACKAGE_STRING "poppler 0.22.1"
| #define PACKAGE_BUGREPORT "https://bugs.freedesktop.org/enter_bug.cgi?product=poppler"
| #define PACKAGE_URL ""
| #define PACKAGE "poppler"
| #define VERSION "0.22.1"
| #define STDC_HEADERS 1
| #define HAVE_SYS_TYPES_H 1
| #define HAVE_SYS_STAT_H 1
| #define HAVE_STDLIB_H 1
| #define HAVE_STRING_H 1
| #define HAVE_MEMORY_H 1
| #define HAVE_STRINGS_H 1
| #define HAVE_INTTYPES_H 1
| #define HAVE_STDINT_H 1
| #define HAVE_UNISTD_H 1
| #define HAVE_DLFCN_H 1
| #define LT_OBJDIR ".libs/"
| #define POPPLER_VERSION "0.22.1"
| #define OPI_SUPPORT 1
| #define MULTITHREADED 1
| #define TEXTOUT_WORD_LIST 1
| #define POPPLER_DATADIR "/usr/local/share/poppler"
| #define HAVE_DIRENT_H 1
| #define HAVE_STDINT_H 1
| #define HAVE_GETTIMEOFDAY 1
| #define HAVE_LOCALTIME_R 1
| #define HAVE_GMTIME_R 1
| #define HAVE_RAND_R 1
| #define HAVE_TIFFIO_H 1
| #define ENABLE_LIBTIFF 1
| #define ENABLE_LIBTIFF 1
| #define HAVE_POPEN 1
| #define HAVE_MKSTEMP 1
| #define HAVE_MKSTEMPS 1
| /* end confdefs.h.  */
| #define _LARGE_FILES 1
| #include <sys/types.h>
|  /* Check that off_t can represent 2**63 - 1 correctly.
|     We can't simply define LARGE_OFF_T to be 9223372036854775807,
|     since some C++ compilers masquerading as C compilers
|     incorrectly reject 9223372036854775807.  */
| #define LARGE_OFF_T (((off_t) 1 << 62) - 1 + ((off_t) 1 << 62))
|   int off_t_is_large[(LARGE_OFF_T % 2147483629 == 721
| 		       && LARGE_OFF_T % 2147483647 == 1)
| 		      ? 1 : -1];
| int
| main ()
| {
| 
|   ;
|   return 0;
| }
configure:19910: result: unknown
configure:19926: checking for _LARGEFILE_SOURCE value needed for large files
configure:19945: /home/manuel/lib/emscripten/emcc -o conftest    conftest.c  >&5
configure:19945: $? = 0
configure:19973: result: no
configure:19996: checking for fseek64
configure:19996: /home/manuel/lib/emscripten/emcc -o conftest    conftest.c  >&5
/tmp/conftest-XhbaXQ.o: In function `main':
conftest.c:(.text+0xe): undefined reference to `fseek64'
clang: error: linker command failed with exit code 1 (use -v to see invocation)
configure:19996: $? = 1
configure: failed program was:
| /* confdefs.h */
| #define PACKAGE_NAME "poppler"
| #define PACKAGE_TARNAME "poppler"
| #define PACKAGE_VERSION "0.22.1"
| #define PACKAGE_STRING "poppler 0.22.1"
| #define PACKAGE_BUGREPORT "https://bugs.freedesktop.org/enter_bug.cgi?product=poppler"
| #define PACKAGE_URL ""
| #define PACKAGE "poppler"
| #define VERSION "0.22.1"
| #define STDC_HEADERS 1
| #define HAVE_SYS_TYPES_H 1
| #define HAVE_SYS_STAT_H 1
| #define HAVE_STDLIB_H 1
| #define HAVE_STRING_H 1
| #define HAVE_MEMORY_H 1
| #define HAVE_STRINGS_H 1
| #define HAVE_INTTYPES_H 1
| #define HAVE_STDINT_H 1
| #define HAVE_UNISTD_H 1
| #define HAVE_DLFCN_H 1
| #define LT_OBJDIR ".libs/"
| #define POPPLER_VERSION "0.22.1"
| #define OPI_SUPPORT 1
| #define MULTITHREADED 1
| #define TEXTOUT_WORD_LIST 1
| #define POPPLER_DATADIR "/usr/local/share/poppler"
| #define HAVE_DIRENT_H 1
| #define HAVE_STDINT_H 1
| #define HAVE_GETTIMEOFDAY 1
| #define HAVE_LOCALTIME_R 1
| #define HAVE_GMTIME_R 1
| #define HAVE_RAND_R 1
| #define HAVE_TIFFIO_H 1
| #define ENABLE_LIBTIFF 1
| #define ENABLE_LIBTIFF 1
| #define HAVE_POPEN 1
| #define HAVE_MKSTEMP 1
| #define HAVE_MKSTEMPS 1
| #define HAVE_FSEEKO 1
| /* end confdefs.h.  */
| /* Define fseek64 to an innocuous variant, in case <limits.h> declares fseek64.
|    For example, HP-UX 11i <limits.h> declares gettimeofday.  */
| #define fseek64 innocuous_fseek64
| 
| /* System header to define __stub macros and hopefully few prototypes,
|     which can conflict with char fseek64 (); below.
|     Prefer <limits.h> to <assert.h> if __STDC__ is defined, since
|     <limits.h> exists even on freestanding compilers.  */
| 
| #ifdef __STDC__
| # include <limits.h>
| #else
| # include <assert.h>
| #endif
| 
| #undef fseek64
| 
| /* Override any GCC internal prototype to avoid an error.
|    Use char because int might match the return type of a GCC
|    builtin and then its argument prototype would still apply.  */
| #ifdef __cplusplus
| extern "C"
| #endif
| char fseek64 ();
| /* The GNU C library defines this for functions which it implements
|     to always fail with ENOSYS.  Some functions are actually named
|     something starting with __ and the normal name is an alias.  */
| #if defined __stub_fseek64 || defined __stub___fseek64
| choke me
| #endif
| 
| int
| main ()
| {
| return fseek64 ();
|   ;
|   return 0;
| }
configure:19996: result: no
configure:20009: checking for ftell64
configure:20009: /home/manuel/lib/emscripten/emcc -o conftest    conftest.c  >&5
/tmp/conftest-1zJUX9.o: In function `main':
conftest.c:(.text+0xe): undefined reference to `ftell64'
clang: error: linker command failed with exit code 1 (use -v to see invocation)
configure:20009: $? = 1
configure: failed program was:
| /* confdefs.h */
| #define PACKAGE_NAME "poppler"
| #define PACKAGE_TARNAME "poppler"
| #define PACKAGE_VERSION "0.22.1"
| #define PACKAGE_STRING "poppler 0.22.1"
| #define PACKAGE_BUGREPORT "https://bugs.freedesktop.org/enter_bug.cgi?product=poppler"
| #define PACKAGE_URL ""
| #define PACKAGE "poppler"
| #define VERSION "0.22.1"
| #define STDC_HEADERS 1
| #define HAVE_SYS_TYPES_H 1
| #define HAVE_SYS_STAT_H 1
| #define HAVE_STDLIB_H 1
| #define HAVE_STRING_H 1
| #define HAVE_MEMORY_H 1
| #define HAVE_STRINGS_H 1
| #define HAVE_INTTYPES_H 1
| #define HAVE_STDINT_H 1
| #define HAVE_UNISTD_H 1
| #define HAVE_DLFCN_H 1
| #define LT_OBJDIR ".libs/"
| #define POPPLER_VERSION "0.22.1"
| #define OPI_SUPPORT 1
| #define MULTITHREADED 1
| #define TEXTOUT_WORD_LIST 1
| #define POPPLER_DATADIR "/usr/local/share/poppler"
| #define HAVE_DIRENT_H 1
| #define HAVE_STDINT_H 1
| #define HAVE_GETTIMEOFDAY 1
| #define HAVE_LOCALTIME_R 1
| #define HAVE_GMTIME_R 1
| #define HAVE_RAND_R 1
| #define HAVE_TIFFIO_H 1
| #define ENABLE_LIBTIFF 1
| #define ENABLE_LIBTIFF 1
| #define HAVE_POPEN 1
| #define HAVE_MKSTEMP 1
| #define HAVE_MKSTEMPS 1
| #define HAVE_FSEEKO 1
| /* end confdefs.h.  */
| /* Define ftell64 to an innocuous variant, in case <limits.h> declares ftell64.
|    For example, HP-UX 11i <limits.h> declares gettimeofday.  */
| #define ftell64 innocuous_ftell64
| 
| /* System header to define __stub macros and hopefully few prototypes,
|     which can conflict with char ftell64 (); below.
|     Prefer <limits.h> to <assert.h> if __STDC__ is defined, since
|     <limits.h> exists even on freestanding compilers.  */
| 
| #ifdef __STDC__
| # include <limits.h>
| #else
| # include <assert.h>
| #endif
| 
| #undef ftell64
| 
| /* Override any GCC internal prototype to avoid an error.
|    Use char because int might match the return type of a GCC
|    builtin and then its argument prototype would still apply.  */
| #ifdef __cplusplus
| extern "C"
| #endif
| char ftell64 ();
| /* The GNU C library defines this for functions which it implements
|     to always fail with ENOSYS.  Some functions are actually named
|     something starting with __ and the normal name is an alias.  */
| #if defined __stub_ftell64 || defined __stub___ftell64
| choke me
| #endif
| 
| int
| main ()
| {
| return ftell64 ();
|   ;
|   return 0;
| }
configure:20009: result: no
configure:20303: checking for libjpeg6b
configure:20332: /home/manuel/lib/emscripten/emcc -o conftest    -I../../libjpeg/src/   conftest.c   -I../../libjpeg/src/ -ljpeg6b -lm >&5
/usr/bin/ld: cannot find -ljpeg6b
clang: error: linker command failed with exit code 1 (use -v to see invocation)
configure:20332: $? = 1
configure: failed program was:
| /* confdefs.h */
| #define PACKAGE_NAME "poppler"
| #define PACKAGE_TARNAME "poppler"
| #define PACKAGE_VERSION "0.22.1"
| #define PACKAGE_STRING "poppler 0.22.1"
| #define PACKAGE_BUGREPORT "https://bugs.freedesktop.org/enter_bug.cgi?product=poppler"
| #define PACKAGE_URL ""
| #define PACKAGE "poppler"
| #define VERSION "0.22.1"
| #define STDC_HEADERS 1
| #define HAVE_SYS_TYPES_H 1
| #define HAVE_SYS_STAT_H 1
| #define HAVE_STDLIB_H 1
| #define HAVE_STRING_H 1
| #define HAVE_MEMORY_H 1
| #define HAVE_STRINGS_H 1
| #define HAVE_INTTYPES_H 1
| #define HAVE_STDINT_H 1
| #define HAVE_UNISTD_H 1
| #define HAVE_DLFCN_H 1
| #define LT_OBJDIR ".libs/"
| #define POPPLER_VERSION "0.22.1"
| #define OPI_SUPPORT 1
| #define MULTITHREADED 1
| #define TEXTOUT_WORD_LIST 1
| #define POPPLER_DATADIR "/usr/local/share/poppler"
| #define HAVE_DIRENT_H 1
| #define HAVE_STDINT_H 1
| #define HAVE_GETTIMEOFDAY 1
| #define HAVE_LOCALTIME_R 1
| #define HAVE_GMTIME_R 1
| #define HAVE_RAND_R 1
| #define HAVE_TIFFIO_H 1
| #define ENABLE_LIBTIFF 1
| #define ENABLE_LIBTIFF 1
| #define HAVE_POPEN 1
| #define HAVE_MKSTEMP 1
| #define HAVE_MKSTEMPS 1
| #define HAVE_FSEEKO 1
| /* end confdefs.h.  */
| 
| #ifdef __cplusplus
| extern "C" {
| #endif
| void jpeg_CreateDecompress();
| #ifdef __cplusplus
| }
| #endif
| 
| int
| main ()
| {
| jpeg_CreateDecompress();
|   ;
|   return 0;
| }
configure:20351: result: no
configure:20354: checking for libjpeg
configure:20383: /home/manuel/lib/emscripten/emcc -o conftest    -I../../libjpeg/src/   conftest.c   -I../../libjpeg/src/ -ljpeg -lm >&5
configure:20383: $? = 0
configure:20399: result: -ljpeg
configure:20418: checking jpeglib.h usability
configure:20418: /home/manuel/lib/emscripten/emcc -c    -I../../libjpeg/src/    -I../../libjpeg/src/ conftest.c >&5
configure:20418: $? = 0
configure:20418: result: yes
configure:20418: checking jpeglib.h presence
configure:20418: /home/manuel/lib/emscripten/emcc -E    -I../../libjpeg/src/ conftest.c
configure:20418: $? = 0
configure:20418: result: yes
configure:20418: checking for jpeglib.h
configure:20418: result: yes
configure:20469: checking libjpeg.h works correctly
configure:20490: /home/manuel/lib/emscripten/emcc -c  -I../../libjpeg/src/  -I../../libjpeg/src/ conftest.c >&5
configure:20490: $? = 0
configure:20492: result: ok
configure:20568: checking for LIBPNG
configure:20633: result: yes
configure:20657: checking for FREETYPE
configure:20722: result: yes
configure:20794: checking which font configuration to use
configure:20812: result: fontconfig
configure:20829: checking for FONTCONFIG
configure:20914: result: yes
configure:21059: checking for CAIRO
configure:21066: $PKG_CONFIG --exists --print-errors "cairo >= $CAIRO_VERSION cairo-ft >= $CAIRO_VERSION"
Package cairo was not found in the pkg-config search path.
Perhaps you should add the directory containing `cairo.pc'
to the PKG_CONFIG_PATH environment variable
No package 'cairo' found
Package cairo-ft was not found in the pkg-config search path.
Perhaps you should add the directory containing `cairo-ft.pc'
to the PKG_CONFIG_PATH environment variable
No package 'cairo-ft' found
configure:21069: $? = 1
configure:21083: $PKG_CONFIG --exists --print-errors "cairo >= $CAIRO_VERSION cairo-ft >= $CAIRO_VERSION"
Package cairo was not found in the pkg-config search path.
Perhaps you should add the directory containing `cairo.pc'
to the PKG_CONFIG_PATH environment variable
No package 'cairo' found
Package cairo-ft was not found in the pkg-config search path.
Perhaps you should add the directory containing `cairo-ft.pc'
to the PKG_CONFIG_PATH environment variable
No package 'cairo-ft' found
configure:21086: $? = 1
configure:21100: result: no
No package 'cairo' found
No package 'cairo-ft' found
configure:21648: checking for gtkdoc-check
configure:21681: result: no
configure:21690: checking for gtkdoc-rebase
configure:21723: result: no
configure:21734: checking for gtkdoc-mkpdf
configure:21767: result: no
configure:21898: checking whether to build gtk-doc documentation
configure:21900: result: no
configure:22159: checking for POPPLER_QT4
configure:22166: $PKG_CONFIG --exists --print-errors "QtCore >= 4.4.0 QtGui >= 4.4.0 QtXml >= 4.4.0"
Package QtCore was not found in the pkg-config search path.
Perhaps you should add the directory containing `QtCore.pc'
to the PKG_CONFIG_PATH environment variable
No package 'QtCore' found
Package QtGui was not found in the pkg-config search path.
Perhaps you should add the directory containing `QtGui.pc'
to the PKG_CONFIG_PATH environment variable
No package 'QtGui' found
Package QtXml was not found in the pkg-config search path.
Perhaps you should add the directory containing `QtXml.pc'
to the PKG_CONFIG_PATH environment variable
No package 'QtXml' found
configure:22169: $? = 1
configure:22183: $PKG_CONFIG --exists --print-errors "QtCore >= 4.4.0 QtGui >= 4.4.0 QtXml >= 4.4.0"
Package QtCore was not found in the pkg-config search path.
Perhaps you should add the directory containing `QtCore.pc'
to the PKG_CONFIG_PATH environment variable
No package 'QtCore' found
Package QtGui was not found in the pkg-config search path.
Perhaps you should add the directory containing `QtGui.pc'
to the PKG_CONFIG_PATH environment variable
No package 'QtGui' found
Package QtXml was not found in the pkg-config search path.
Perhaps you should add the directory containing `QtXml.pc'
to the PKG_CONFIG_PATH environment variable
No package 'QtXml' found
configure:22186: $? = 1
configure:22200: result: no
No package 'QtCore' found
No package 'QtGui' found
No package 'QtXml' found
configure:23107: checking for iconv
configure:23129: /home/manuel/lib/emscripten/emcc -o conftest    conftest.c  >&5
configure:23129: $? = 0
configure:23161: result: yes
configure:23164: checking for working iconv
configure:23240: /home/manuel/lib/emscripten/emcc -o conftest    conftest.c  >&5
configure:23240: $? = 0
configure:23240: ./conftest
configure:23240: $? = 0
configure:23252: result: yes
configure:23280: checking for iconv declaration
configure:23309: /home/manuel/lib/emscripten/emcc -c   conftest.c >&5
configure:23309: $? = 0
configure:23320: result: 
         extern size_t iconv (iconv_t cd, char * *inbuf, size_t *inbytesleft, char * *outbuf, size_t *outbytesleft);
configure:23447: checking for GTK_TEST
configure:23454: $PKG_CONFIG --exists --print-errors "gtk+-3.0 >= 3.0 gdk-pixbuf-2.0"
Package gtk+-3.0 was not found in the pkg-config search path.
Perhaps you should add the directory containing `gtk+-3.0.pc'
to the PKG_CONFIG_PATH environment variable
No package 'gtk+-3.0' found
Package gdk-pixbuf-2.0 was not found in the pkg-config search path.
Perhaps you should add the directory containing `gdk-pixbuf-2.0.pc'
to the PKG_CONFIG_PATH environment variable
No package 'gdk-pixbuf-2.0' found
configure:23457: $? = 1
configure:23471: $PKG_CONFIG --exists --print-errors "gtk+-3.0 >= 3.0 gdk-pixbuf-2.0"
Package gtk+-3.0 was not found in the pkg-config search path.
Perhaps you should add the directory containing `gtk+-3.0.pc'
to the PKG_CONFIG_PATH environment variable
No package 'gtk+-3.0' found
Package gdk-pixbuf-2.0 was not found in the pkg-config search path.
Perhaps you should add the directory containing `gdk-pixbuf-2.0.pc'
to the PKG_CONFIG_PATH environment variable
No package 'gdk-pixbuf-2.0' found
configure:23474: $? = 1
configure:23488: result: no
No package 'gtk+-3.0' found
No package 'gdk-pixbuf-2.0' found
configure:23561: checking for LCMS
configure:23568: $PKG_CONFIG --exists --print-errors "lcms2"
Package lcms2 was not found in the pkg-config search path.
Perhaps you should add the directory containing `lcms2.pc'
to the PKG_CONFIG_PATH environment variable
No package 'lcms2' found
configure:23571: $? = 1
configure:23585: $PKG_CONFIG --exists --print-errors "lcms2"
Package lcms2 was not found in the pkg-config search path.
Perhaps you should add the directory containing `lcms2.pc'
to the PKG_CONFIG_PATH environment variable
No package 'lcms2' found
configure:23588: $? = 1
configure:23602: result: no
No package 'lcms2' found
configure:23633: checking for LCMS
configure:23640: $PKG_CONFIG --exists --print-errors "lcms"
Package lcms was not found in the pkg-config search path.
Perhaps you should add the directory containing `lcms.pc'
to the PKG_CONFIG_PATH environment variable
No package 'lcms' found
configure:23643: $? = 1
configure:23657: $PKG_CONFIG --exists --print-errors "lcms"
Package lcms was not found in the pkg-config search path.
Perhaps you should add the directory containing `lcms.pc'
to the PKG_CONFIG_PATH environment variable
No package 'lcms' found
configure:23660: $? = 1
configure:23674: result: no
No package 'lcms' found
configure:23900: checking for test data in /home/manuel/Projekte/unix-toolbox.js/modules/poppler/src/./../test
configure:23906: result: no
configure:23922: WARNING:
 No test data found in /home/manuel/Projekte/unix-toolbox.js/modules/poppler/src/./../test.
 You will not be able to run 'make check' successfully.

 The test data is not included in the source packages
 and is also not part of the main git repository. Instead,
 you can checkout the test data from its own git
 repository with:

   git clone git://git.freedesktop.org/git/poppler/test

 You should checkout the test data as a sibling of your
 poppler source folder or specify the location of your
 checkout with --with-testdatadir=/path/to/checkoutdir/test.

configure:24218: creating ./config.status

## ---------------------- ##
## Running config.status. ##
## ---------------------- ##

This file was extended by poppler config.status 0.22.1, which was
generated by GNU Autoconf 2.69.  Invocation command line was

  CONFIG_FILES    = 
  CONFIG_HEADERS  = 
  CONFIG_LINKS    = 
  CONFIG_COMMANDS = 
  $ ./config.status 

on canttouchthis

config.status:1327: creating Makefile
config.status:1327: creating goo/Makefile
config.status:1327: creating fofi/Makefile
config.status:1327: creating splash/Makefile
config.status:1327: creating poppler/Makefile
config.status:1327: creating utils/Makefile
config.status:1327: creating glib/Makefile
config.status:1327: creating glib/poppler-features.h
config.status:1327: creating glib/reference/Makefile
config.status:1327: creating glib/reference/version.xml
config.status:1327: creating glib/demo/Makefile
config.status:1327: creating test/Makefile
config.status:1327: creating qt4/Makefile
config.status:1327: creating qt4/src/Makefile
config.status:1327: creating qt4/tests/Makefile
config.status:1327: creating qt4/demos/Makefile
config.status:1327: creating cpp/Makefile
config.status:1327: creating cpp/poppler-version.h
config.status:1327: creating cpp/tests/Makefile
config.status:1327: creating poppler.pc
config.status:1327: creating poppler-uninstalled.pc
config.status:1327: creating poppler-cairo.pc
config.status:1327: creating poppler-cairo-uninstalled.pc
config.status:1327: creating poppler-splash.pc
config.status:1327: creating poppler-splash-uninstalled.pc
config.status:1327: creating poppler-glib.pc
config.status:1327: creating poppler-glib-uninstalled.pc
config.status:1327: creating poppler-qt4.pc
config.status:1327: creating poppler-qt4-uninstalled.pc
config.status:1327: creating poppler-cpp.pc
config.status:1327: creating poppler-cpp-uninstalled.pc
config.status:1327: creating config.h
config.status:1508: config.h is unchanged
config.status:1327: creating poppler/poppler-config.h
config.status:1508: poppler/poppler-config.h is unchanged
config.status:1556: executing depfiles commands
config.status:1556: executing libtool commands

## ---------------- ##
## Cache variables. ##
## ---------------- ##

ac_cv_build=i686-pc-linux-gnu
ac_cv_c_bigendian=no
ac_cv_c_compiler_gnu=yes
ac_cv_cxx_compiler_gnu=yes
ac_cv_env_CAIRO_CFLAGS_set=
ac_cv_env_CAIRO_CFLAGS_value=
ac_cv_env_CAIRO_LIBS_set=
ac_cv_env_CAIRO_LIBS_value=
ac_cv_env_CCC_set=
ac_cv_env_CCC_value=
ac_cv_env_CC_set=set
ac_cv_env_CC_value=/home/manuel/lib/emscripten/emcc
ac_cv_env_CFLAGS_set=set
ac_cv_env_CFLAGS_value=
ac_cv_env_CPPFLAGS_set=
ac_cv_env_CPPFLAGS_value=
ac_cv_env_CPP_set=
ac_cv_env_CPP_value=
ac_cv_env_CXXCPP_set=
ac_cv_env_CXXCPP_value=
ac_cv_env_CXXFLAGS_set=
ac_cv_env_CXXFLAGS_value=
ac_cv_env_CXX_set=set
ac_cv_env_CXX_value=/home/manuel/lib/emscripten/em++
ac_cv_env_FONTCONFIG_CFLAGS_set=set
ac_cv_env_FONTCONFIG_CFLAGS_value=-I../../fontconfig/src/
ac_cv_env_FONTCONFIG_LIBS_set=set
ac_cv_env_FONTCONFIG_LIBS_value=-L../../fontconfig/src/src/
ac_cv_env_FREETYPE_CFLAGS_set=set
ac_cv_env_FREETYPE_CFLAGS_value=-I../../freetype/src/include/
ac_cv_env_FREETYPE_LIBS_set=set
ac_cv_env_FREETYPE_LIBS_value=-L../../freetype/src/objs/
ac_cv_env_GTKDOC_DEPS_CFLAGS_set=
ac_cv_env_GTKDOC_DEPS_CFLAGS_value=
ac_cv_env_GTKDOC_DEPS_LIBS_set=
ac_cv_env_GTKDOC_DEPS_LIBS_value=
ac_cv_env_GTK_TEST_CFLAGS_set=
ac_cv_env_GTK_TEST_CFLAGS_value=
ac_cv_env_GTK_TEST_LIBS_set=
ac_cv_env_GTK_TEST_LIBS_value=
ac_cv_env_LCMS_CFLAGS_set=
ac_cv_env_LCMS_CFLAGS_value=
ac_cv_env_LCMS_LIBS_set=
ac_cv_env_LCMS_LIBS_value=
ac_cv_env_LDFLAGS_set=
ac_cv_env_LDFLAGS_value=
ac_cv_env_LIBCURL_CFLAGS_set=
ac_cv_env_LIBCURL_CFLAGS_value=
ac_cv_env_LIBCURL_LIBS_set=
ac_cv_env_LIBCURL_LIBS_value=
ac_cv_env_LIBJPEG_CFLAGS_set=set
ac_cv_env_LIBJPEG_CFLAGS_value=-I../../libjpeg/src/
ac_cv_env_LIBOPENJPEG_CFLAGS_set=
ac_cv_env_LIBOPENJPEG_CFLAGS_value=
ac_cv_env_LIBOPENJPEG_LIBS_set=
ac_cv_env_LIBOPENJPEG_LIBS_value=
ac_cv_env_LIBPNG_CFLAGS_set=set
ac_cv_env_LIBPNG_CFLAGS_value=-I../../libpng/src/
ac_cv_env_LIBPNG_LIBS_set=set
ac_cv_env_LIBPNG_LIBS_value=-L../../libpng/src/
ac_cv_env_LIBS_set=
ac_cv_env_LIBS_value=
ac_cv_env_LIBTIFF_CFLAGS_set=set
ac_cv_env_LIBTIFF_CFLAGS_value=-I../../libtiff/src/
ac_cv_env_LIBTIFF_LIBS_set=
ac_cv_env_LIBTIFF_LIBS_value=
ac_cv_env_PDFTOCAIRO_CFLAGS_set=
ac_cv_env_PDFTOCAIRO_CFLAGS_value=
ac_cv_env_PDFTOCAIRO_LIBS_set=
ac_cv_env_PDFTOCAIRO_LIBS_value=
ac_cv_env_PKG_CONFIG_LIBDIR_set=set
ac_cv_env_PKG_CONFIG_LIBDIR_value=/home/manuel/lib/emscripten/system/local/lib/pkgconfig:/home/manuel/lib/emscripten/system/lib/pkgconfig
ac_cv_env_PKG_CONFIG_PATH_set=set
ac_cv_env_PKG_CONFIG_PATH_value=
ac_cv_env_PKG_CONFIG_set=
ac_cv_env_PKG_CONFIG_value=
ac_cv_env_POPPLER_GLIB_CFLAGS_set=
ac_cv_env_POPPLER_GLIB_CFLAGS_value=
ac_cv_env_POPPLER_GLIB_LIBS_set=
ac_cv_env_POPPLER_GLIB_LIBS_value=
ac_cv_env_POPPLER_QT4_CFLAGS_set=
ac_cv_env_POPPLER_QT4_CFLAGS_value=
ac_cv_env_POPPLER_QT4_LIBS_set=
ac_cv_env_POPPLER_QT4_LIBS_value=
ac_cv_env_POPPLER_QT4_TEST_CFLAGS_set=
ac_cv_env_POPPLER_QT4_TEST_CFLAGS_value=
ac_cv_env_POPPLER_QT4_TEST_LIBS_set=
ac_cv_env_POPPLER_QT4_TEST_LIBS_value=
ac_cv_env_XMKMF_set=
ac_cv_env_XMKMF_value=
ac_cv_env_build_alias_set=
ac_cv_env_build_alias_value=
ac_cv_env_host_alias_set=
ac_cv_env_host_alias_value=
ac_cv_env_target_alias_set=
ac_cv_env_target_alias_value=
ac_cv_func_connect=yes
ac_cv_func_fseek64=no
ac_cv_func_ftell64=no
ac_cv_func_gethostbyname=yes
ac_cv_func_gettimeofday=yes
ac_cv_func_gmtime_r=yes
ac_cv_func_localtime_r=yes
ac_cv_func_mkstemp=yes
ac_cv_func_mkstemps=yes
ac_cv_func_nanosleep=yes
ac_cv_func_popen=yes
ac_cv_func_rand_r=yes
ac_cv_func_remove=yes
ac_cv_func_shmat=yes
ac_cv_have_decl_gettimeofday=yes
ac_cv_have_x='have_x=yes	ac_x_includes='\'''\''	ac_x_libraries='\'''\'''
ac_cv_header_dirent_dirent_h=yes
ac_cv_header_dlfcn_h=yes
ac_cv_header_inttypes_h=yes
ac_cv_header_jpeglib_h=yes
ac_cv_header_memory_h=yes
ac_cv_header_openjpeg_h=no
ac_cv_header_stdc=yes
ac_cv_header_stdint_h=yes
ac_cv_header_stdlib_h=yes
ac_cv_header_string_h=yes
ac_cv_header_strings_h=yes
ac_cv_header_sys_stat_h=yes
ac_cv_header_sys_types_h=yes
ac_cv_header_tiffio_h=yes
ac_cv_header_unistd_h=yes
ac_cv_host=i686-pc-linux-gnu
ac_cv_lib_ICE_IceConnectionNumber=yes
ac_cv_lib_jpeg_6b=no
ac_cv_lib_jpeg_normal=-ljpeg
ac_cv_lib_openjpeg_opj_cio_open=no
ac_cv_lib_tiff_TIFFOpen=yes
ac_cv_objext=o
ac_cv_path_EGREP='/bin/grep -E'
ac_cv_path_FGREP='/bin/grep -F'
ac_cv_path_GREP=/bin/grep
ac_cv_path_SED=/bin/sed
ac_cv_path_ac_pt_PKG_CONFIG=/usr/bin/pkg-config
ac_cv_path_install='/usr/bin/install -c'
ac_cv_path_mkdir=/bin/mkdir
ac_cv_prog_AWK=mawk
ac_cv_prog_CPP='/home/manuel/lib/emscripten/emcc -E'
ac_cv_prog_CXXCPP='/home/manuel/lib/emscripten/em++ -E'
ac_cv_prog_ac_ct_CC=/home/manuel/lib/emscripten/emcc
ac_cv_prog_ac_ct_DLLTOOL=dlltool
ac_cv_prog_ac_ct_MANIFEST_TOOL=mt
ac_cv_prog_ac_ct_OBJDUMP=objdump
ac_cv_prog_ac_ct_RANLIB=/home/manuel/lib/emscripten/emranlib
ac_cv_prog_ac_ct_STRIP=strip
ac_cv_prog_acx_pthread_config=no
ac_cv_prog_cc_c89=
ac_cv_prog_cc_c99=
ac_cv_prog_cc_g=yes
ac_cv_prog_cc_stdc=
ac_cv_prog_cxx_g=yes
ac_cv_prog_make_make_set=yes
ac_cv_search_opendir='none required'
ac_cv_search_strerror='none required'
ac_cv_sys_file_offset_bits=unknown
ac_cv_sys_large_files=unknown
ac_cv_sys_largefile_CC=no
ac_cv_sys_largefile_source=no
am_cv_CC_dependencies_compiler_type=gcc3
am_cv_CXX_dependencies_compiler_type=gcc3
am_cv_func_iconv=yes
am_cv_func_iconv_works=yes
am_cv_lib_iconv=no
am_cv_make_support_nested_variables=yes
am_cv_proto_iconv='extern size_t iconv (iconv_t cd, char * *inbuf, size_t *inbytesleft, char * *outbuf, size_t *outbytesleft);'
am_cv_proto_iconv_arg1=
lt_cv_ar_at_file=no
lt_cv_archive_cmds_need_lc=no
lt_cv_deplibs_check_method=pass_all
lt_cv_file_magic_cmd='$MAGIC_CMD'
lt_cv_file_magic_test_file=
lt_cv_ld_reload_flag=-r
lt_cv_nm_interface='BSD nm'
lt_cv_objdir=.libs
lt_cv_path_LD=/home/manuel/lib/emscripten/emcc
lt_cv_path_LDCXX=/home/manuel/lib/emscripten/emcc
lt_cv_path_NM='/usr/bin/nm -B'
lt_cv_path_mainfest_tool=no
lt_cv_prog_compiler_c_o=yes
lt_cv_prog_compiler_c_o_CXX=yes
lt_cv_prog_compiler_pic='-fPIC -DPIC'
lt_cv_prog_compiler_pic_CXX='-fPIC -DPIC'
lt_cv_prog_compiler_pic_works=yes
lt_cv_prog_compiler_pic_works_CXX=yes
lt_cv_prog_compiler_rtti_exceptions=yes
lt_cv_prog_compiler_static_works=yes
lt_cv_prog_compiler_static_works_CXX=yes
lt_cv_prog_gnu_ld=yes
lt_cv_prog_gnu_ldcxx=yes
lt_cv_sharedlib_from_linklib_cmd='printf %s\n'
lt_cv_shlibpath_overrides_runpath=no
lt_cv_sys_global_symbol_pipe='sed -n -e '\''s/^.*[	 ]\([ABCDGIRSTW][ABCDGIRSTW]*\)[	 ][	 ]*\([_A-Za-z][_A-Za-z0-9]*\)$/\1 \2 \2/p'\'' | sed '\''/ __gnu_lto/d'\'''
lt_cv_sys_global_symbol_to_c_name_address='sed -n -e '\''s/^: \([^ ]*\)[ ]*$/  {\"\1\", (void *) 0},/p'\'' -e '\''s/^[ABCDGIRSTW]* \([^ ]*\) \([^ ]*\)$/  {"\2", (void *) \&\2},/p'\'''
lt_cv_sys_global_symbol_to_c_name_address_lib_prefix='sed -n -e '\''s/^: \([^ ]*\)[ ]*$/  {\"\1\", (void *) 0},/p'\'' -e '\''s/^[ABCDGIRSTW]* \([^ ]*\) \(lib[^ ]*\)$/  {"\2", (void *) \&\2},/p'\'' -e '\''s/^[ABCDGIRSTW]* \([^ ]*\) \([^ ]*\)$/  {"lib\2", (void *) \&\2},/p'\'''
lt_cv_sys_global_symbol_to_cdecl='sed -n -e '\''s/^T .* \(.*\)$/extern int \1();/p'\'' -e '\''s/^[ABCDGIRSTW]* .* \(.*\)$/extern char \1;/p'\'''
lt_cv_sys_max_cmd_len=1572864
lt_cv_to_host_file_cmd=func_convert_file_noop
lt_cv_to_tool_file_cmd=func_convert_file_noop
pkg_cv_FONTCONFIG_CFLAGS=-I../../fontconfig/src/
pkg_cv_FONTCONFIG_LIBS=-L../../fontconfig/src/src/
pkg_cv_FREETYPE_CFLAGS=-I../../freetype/src/include/
pkg_cv_FREETYPE_LIBS=-L../../freetype/src/objs/
pkg_cv_LIBPNG_CFLAGS=-I../../libpng/src/
pkg_cv_LIBPNG_LIBS=-L../../libpng/src/
xpdf_cv_func_fseek64=no
xpdf_cv_func_ftell64=no

## ----------------- ##
## Output variables. ##
## ----------------- ##

ACLOCAL='${SHELL} /home/manuel/Projekte/unix-toolbox.js/modules/poppler/src/missing --run aclocal-1.11'
AMDEPBACKSLASH='\'
AMDEP_FALSE='#'
AMDEP_TRUE=''
AMTAR='$${TAR-tar}'
AM_BACKSLASH='\'
AM_DEFAULT_V='$(AM_DEFAULT_VERBOSITY)'
AM_DEFAULT_VERBOSITY='0'
AM_V='$(V)'
AR='/home/manuel/lib/emscripten/emar'
AS='as'
AUTOCONF='${SHELL} /home/manuel/Projekte/unix-toolbox.js/modules/poppler/src/missing --run autoconf'
AUTOHEADER='${SHELL} /home/manuel/Projekte/unix-toolbox.js/modules/poppler/src/missing --run autoheader'
AUTOMAKE='${SHELL} /home/manuel/Projekte/unix-toolbox.js/modules/poppler/src/missing --run automake-1.11'
AWK='mawk'
BUILD_CAIRO_OUTPUT_FALSE=''
BUILD_CAIRO_OUTPUT_TRUE='#'
BUILD_GTK_TEST_FALSE=''
BUILD_GTK_TEST_TRUE='#'
BUILD_LIBCURL_FALSE=''
BUILD_LIBCURL_TRUE='#'
BUILD_LIBJPEG_FALSE='#'
BUILD_LIBJPEG_TRUE=''
BUILD_LIBOPENJPEG_FALSE=''
BUILD_LIBOPENJPEG_TRUE='#'
BUILD_LIBPNG_FALSE='#'
BUILD_LIBPNG_TRUE=''
BUILD_LIBTIFF_FALSE='#'
BUILD_LIBTIFF_TRUE=''
BUILD_POPPLER_CPP_FALSE='#'
BUILD_POPPLER_CPP_TRUE=''
BUILD_POPPLER_GLIB_FALSE=''
BUILD_POPPLER_GLIB_TRUE='#'
BUILD_POPPLER_QT4_FALSE=''
BUILD_POPPLER_QT4_TRUE='#'
BUILD_SPLASH_OUTPUT_FALSE='#'
BUILD_SPLASH_OUTPUT_TRUE=''
BUILD_UTILS_FALSE='#'
BUILD_UTILS_TRUE=''
BUILD_WITH_WIN32_FONTCONFIGURATION_FALSE=''
BUILD_WITH_WIN32_FONTCONFIGURATION_TRUE='#'
BUILD_ZLIB_FALSE=''
BUILD_ZLIB_TRUE='#'
CAIRO_CFLAGS=''
CAIRO_FEATURE='#undef POPPLER_HAS_CAIRO'
CAIRO_LIBS=''
CAIRO_REQ=''
CAIRO_VERSION='1.10.0'
CC='/home/manuel/lib/emscripten/emcc'
CCDEPMODE='depmode=gcc3'
CFLAGS='-Wall '
CPP='/home/manuel/lib/emscripten/emcc -E'
CPPFLAGS=''
CXX='/home/manuel/lib/emscripten/em++'
CXXCPP='/home/manuel/lib/emscripten/em++ -E'
CXXDEPMODE='depmode=gcc3'
CXXFLAGS='-Wall -Woverloaded-virtual -Wnon-virtual-dtor -Wcast-align -fno-exceptions -fno-check-new -fno-common -g -O2 -ansi'
CYGPATH_W='echo'
DEFS='-DHAVE_CONFIG_H'
DEPDIR='.deps'
DLLTOOL='dlltool'
DSYMUTIL=''
DUMPBIN=''
ECHO_C=''
ECHO_N='-n'
ECHO_T=''
EGREP='/bin/grep -E'
ENABLE_GTK_DOC_FALSE=''
ENABLE_GTK_DOC_TRUE='#'
ENABLE_XPDF_HEADERS_FALSE=''
ENABLE_XPDF_HEADERS_TRUE='#'
EXEEXT=''
FGREP='/bin/grep -F'
FONTCONFIG_CFLAGS='-I../../fontconfig/src/'
FONTCONFIG_LIBS='-L../../fontconfig/src/src/'
FREETYPE_CFLAGS='-I../../freetype/src/include/'
FREETYPE_CONFIG=''
FREETYPE_LIBS='-L../../freetype/src/objs/'
GLIB_MKENUMS=''
GLIB_REQ=''
GLIB_REQUIRED=''
GREP='/bin/grep'
GTKDOC_CHECK=''
GTKDOC_DEPS_CFLAGS=''
GTKDOC_DEPS_LIBS=''
GTKDOC_MKPDF=''
GTKDOC_REBASE='true'
GTK_DOC_BUILD_HTML_FALSE='#'
GTK_DOC_BUILD_HTML_TRUE=''
GTK_DOC_BUILD_PDF_FALSE=''
GTK_DOC_BUILD_PDF_TRUE='#'
GTK_DOC_USE_LIBTOOL_FALSE='#'
GTK_DOC_USE_LIBTOOL_TRUE=''
GTK_DOC_USE_REBASE_FALSE='#'
GTK_DOC_USE_REBASE_TRUE=''
GTK_TEST_CFLAGS=''
GTK_TEST_LIBS=''
HAVE_INTROSPECTION_FALSE=''
HAVE_INTROSPECTION_TRUE='#'
HTML_DIR='${datadir}/gtk-doc/html'
INSTALL_DATA='${INSTALL} -m 644'
INSTALL_PROGRAM='${INSTALL}'
INSTALL_SCRIPT='${INSTALL}'
INSTALL_STRIP_PROGRAM='$(install_sh) -c -s'
INTROSPECTION_CFLAGS=''
INTROSPECTION_COMPILER=''
INTROSPECTION_GENERATE=''
INTROSPECTION_GIRDIR=''
INTROSPECTION_LIBS=''
INTROSPECTION_MAKEFILE=''
INTROSPECTION_SCANNER=''
INTROSPECTION_TYPELIBDIR=''
LCMS_CFLAGS=''
LCMS_LIBS=''
LD='/home/manuel/lib/emscripten/emcc'
LDFLAGS=''
LIBCURL_CFLAGS=''
LIBCURL_LIBS=''
LIBICONV=''
LIBJPEG_CFLAGS='-I../../libjpeg/src/'
LIBJPEG_LIBS='-ljpeg'
LIBOBJS=''
LIBOPENJPEG_CFLAGS=''
LIBOPENJPEG_LIBS=''
LIBPNG_CFLAGS='-I../../libpng/src/'
LIBPNG_LIBS='-L../../libpng/src/'
LIBS=''
LIBTIFF_CFLAGS='-I../../libtiff/src/'
LIBTIFF_CFLAGSS=''
LIBTIFF_LIBS='-ltiff'
LIBTOOL='$(SHELL) $(top_builddir)/libtool'
LIPO=''
LN_S='ln -s'
LTLIBICONV=''
LTLIBOBJS=''
MAKEINFO='${SHELL} /home/manuel/Projekte/unix-toolbox.js/modules/poppler/src/missing --run makeinfo'
MANIFEST_TOOL=':'
MKDIR_P='/bin/mkdir -p'
MOCQT4=''
NM='/usr/bin/nm -B'
NMEDIT=''
OBJDUMP='objdump'
OBJEXT='o'
OTOOL64=''
OTOOL=''
PACKAGE='poppler'
PACKAGE_BUGREPORT='https://bugs.freedesktop.org/enter_bug.cgi?product=poppler'
PACKAGE_NAME='poppler'
PACKAGE_STRING='poppler 0.22.1'
PACKAGE_TARNAME='poppler'
PACKAGE_URL=''
PACKAGE_VERSION='0.22.1'
PATH_SEPARATOR=':'
PC_REQUIRES=''
PC_REQUIRES_PRIVATE='Requires.private: poppler = 0.22.1'
PDFTOCAIRO_CFLAGS=''
PDFTOCAIRO_LIBS=''
PKG_CONFIG='/usr/bin/pkg-config'
PKG_CONFIG_LIBDIR='/home/manuel/lib/emscripten/system/local/lib/pkgconfig:/home/manuel/lib/emscripten/system/lib/pkgconfig'
PKG_CONFIG_PATH=''
POPPLER_DATADIR='/usr/local/share/poppler'
POPPLER_GLIB_CFLAGS=''
POPPLER_GLIB_DISABLE_DEPRECATED=''
POPPLER_GLIB_DISABLE_SINGLE_INCLUDES=''
POPPLER_GLIB_LIBS=''
POPPLER_MAJOR_VERSION='0'
POPPLER_MICRO_VERSION='1'
POPPLER_MINOR_VERSION='22'
POPPLER_QT4_CFLAGS=''
POPPLER_QT4_CXXFLAGS=''
POPPLER_QT4_LIBS=''
POPPLER_QT4_TEST_CFLAGS=''
POPPLER_QT4_TEST_LIBS=''
POPPLER_VERSION='0.22.1'
PTHREAD_CC='/home/manuel/lib/emscripten/emcc'
PTHREAD_CFLAGS=''
PTHREAD_LIBS=''
RANLIB='/home/manuel/lib/emscripten/emranlib'
SED='/bin/sed'
SET_MAKE=''
SHELL='/bin/bash'
STRIP='strip'
TESTDATADIR='/home/manuel/Projekte/unix-toolbox.js/modules/poppler/src/./../test'
USE_CMS_FALSE=''
USE_CMS_TRUE='#'
USE_LCMS1_FALSE=''
USE_LCMS1_TRUE='#'
VERSION='0.22.1'
XMKMF=''
X_CFLAGS=''
X_EXTRA_LIBS=''
X_LIBS=''
X_PRE_LIBS=' -lSM -lICE'
ZLIB_LIBS=''
ac_ct_AR=''
ac_ct_CC='/home/manuel/lib/emscripten/emcc'
ac_ct_CXX=''
ac_ct_DUMPBIN=''
acx_pthread_config='no'
am__EXEEXT_FALSE=''
am__EXEEXT_TRUE='#'
am__fastdepCC_FALSE='#'
am__fastdepCC_TRUE=''
am__fastdepCXX_FALSE='#'
am__fastdepCXX_TRUE=''
am__include='include'
am__isrc=''
am__leading_dot='.'
am__nodep='_no'
am__quote=''
am__tar='$${TAR-tar} chof - "$$tardir"'
am__untar='$${TAR-tar} xf -'
auto_import_flags=''
bindir='${exec_prefix}/bin'
build='i686-pc-linux-gnu'
build_alias=''
build_cpu='i686'
build_os='linux-gnu'
build_vendor='pc'
create_shared_lib=''
datadir='${datarootdir}'
datarootdir='${prefix}/share'
docdir='${datarootdir}/doc/${PACKAGE_TARNAME}'
dvidir='${docdir}'
exec_prefix='${prefix}'
host='i686-pc-linux-gnu'
host_alias=''
host_cpu='i686'
host_os='linux-gnu'
host_vendor='pc'
htmldir='${docdir}'
includedir='${prefix}/include'
infodir='${datarootdir}/info'
install_sh='${SHELL} /home/manuel/Projekte/unix-toolbox.js/modules/poppler/src/install-sh'
libdir='${exec_prefix}/lib'
libexecdir='${exec_prefix}/libexec'
localedir='${datarootdir}/locale'
localstatedir='${prefix}/var'
mandir='${datarootdir}/man'
mkdir_p='/bin/mkdir -p'
oldincludedir='/usr/include'
pdfdir='${docdir}'
prefix='/usr/local'
program_transform_name='s,x,x,'
psdir='${docdir}'
sbindir='${exec_prefix}/sbin'
sharedstatedir='${prefix}/com'
sysconfdir='${prefix}/etc'
target_alias=''
win32_libs=''

## ----------- ##
## confdefs.h. ##
## ----------- ##

/* confdefs.h */
#define PACKAGE_NAME "poppler"
#define PACKAGE_TARNAME "poppler"
#define PACKAGE_VERSION "0.22.1"
#define PACKAGE_STRING "poppler 0.22.1"
#define PACKAGE_BUGREPORT "https://bugs.freedesktop.org/enter_bug.cgi?product=poppler"
#define PACKAGE_URL ""
#define PACKAGE "poppler"
#define VERSION "0.22.1"
#define STDC_HEADERS 1
#define HAVE_SYS_TYPES_H 1
#define HAVE_SYS_STAT_H 1
#define HAVE_STDLIB_H 1
#define HAVE_STRING_H 1
#define HAVE_MEMORY_H 1
#define HAVE_STRINGS_H 1
#define HAVE_INTTYPES_H 1
#define HAVE_STDINT_H 1
#define HAVE_UNISTD_H 1
#define HAVE_DLFCN_H 1
#define LT_OBJDIR ".libs/"
#define POPPLER_VERSION "0.22.1"
#define OPI_SUPPORT 1
#define MULTITHREADED 1
#define TEXTOUT_WORD_LIST 1
#define POPPLER_DATADIR "/usr/local/share/poppler"
#define HAVE_DIRENT_H 1
#define HAVE_STDINT_H 1
#define HAVE_GETTIMEOFDAY 1
#define HAVE_LOCALTIME_R 1
#define HAVE_GMTIME_R 1
#define HAVE_RAND_R 1
#define HAVE_TIFFIO_H 1
#define ENABLE_LIBTIFF 1
#define ENABLE_LIBTIFF 1
#define HAVE_POPEN 1
#define HAVE_MKSTEMP 1
#define HAVE_MKSTEMPS 1
#define HAVE_FSEEKO 1
#define ENABLE_LIBJPEG 1
#define ENABLE_LIBPNG 1
#define HAVE_FREETYPE_H 1
#define WITH_FONTCONFIGURATION_FONTCONFIG 1
#define HAVE_SPLASH 1
#define HAVE_ICONV 1
#define ICONV_CONST 

configure: exit 0
